29-Oct-2015 00:40:26.377 INFO [main] org.apache.catalina.startup.VersionLoggerListener.log Server version:        Apache Tomcat/8.0.28
29-Oct-2015 00:40:26.380 INFO [main] org.apache.catalina.startup.VersionLoggerListener.log Server built:          Oct 7 2015 18:25:21 UTC
29-Oct-2015 00:40:26.381 INFO [main] org.apache.catalina.startup.VersionLoggerListener.log Server number:         8.0.28.0
29-Oct-2015 00:40:26.382 INFO [main] org.apache.catalina.startup.VersionLoggerListener.log OS Name:               Windows 10
29-Oct-2015 00:40:26.382 INFO [main] org.apache.catalina.startup.VersionLoggerListener.log OS Version:            10.0
29-Oct-2015 00:40:26.383 INFO [main] org.apache.catalina.startup.VersionLoggerListener.log Architecture:          amd64
29-Oct-2015 00:40:26.383 INFO [main] org.apache.catalina.startup.VersionLoggerListener.log Java Home:             C:\Program Files\Java\jdk1.8.0_65\jre
29-Oct-2015 00:40:26.384 INFO [main] org.apache.catalina.startup.VersionLoggerListener.log JVM Version:           1.8.0_65-b17
29-Oct-2015 00:40:26.384 INFO [main] org.apache.catalina.startup.VersionLoggerListener.log JVM Vendor:            Oracle Corporation
29-Oct-2015 00:40:26.385 INFO [main] org.apache.catalina.startup.VersionLoggerListener.log CATALINA_BASE:         E:\University\BreakingTheRules\BreakingTheRules\tomcat
29-Oct-2015 00:40:26.386 INFO [main] org.apache.catalina.startup.VersionLoggerListener.log CATALINA_HOME:         E:\University\BreakingTheRules\BreakingTheRules\tomcat
29-Oct-2015 00:40:26.387 INFO [main] org.apache.catalina.startup.VersionLoggerListener.log Command line argument: -Djava.util.logging.config.file=E:\University\BreakingTheRules\BreakingTheRules\tomcat\conf\logging.properties
29-Oct-2015 00:40:26.388 INFO [main] org.apache.catalina.startup.VersionLoggerListener.log Command line argument: -Djava.util.logging.manager=org.apache.juli.ClassLoaderLogManager
29-Oct-2015 00:40:26.388 INFO [main] org.apache.catalina.startup.VersionLoggerListener.log Command line argument: -Djava.endorsed.dirs=E:\University\BreakingTheRules\BreakingTheRules\tomcat\endorsed
29-Oct-2015 00:40:26.389 INFO [main] org.apache.catalina.startup.VersionLoggerListener.log Command line argument: -Dcatalina.base=E:\University\BreakingTheRules\BreakingTheRules\tomcat
29-Oct-2015 00:40:26.390 INFO [main] org.apache.catalina.startup.VersionLoggerListener.log Command line argument: -Dcatalina.home=E:\University\BreakingTheRules\BreakingTheRules\tomcat
29-Oct-2015 00:40:26.390 INFO [main] org.apache.catalina.startup.VersionLoggerListener.log Command line argument: -Djava.io.tmpdir=E:\University\BreakingTheRules\BreakingTheRules\tomcat\temp
29-Oct-2015 00:40:26.391 INFO [main] org.apache.catalina.core.AprLifecycleListener.lifecycleEvent Loaded APR based Apache Tomcat Native library 1.1.33 using APR version 1.5.1.
29-Oct-2015 00:40:26.392 INFO [main] org.apache.catalina.core.AprLifecycleListener.lifecycleEvent APR capabilities: IPv6 [true], sendfile [true], accept filters [false], random [true].
29-Oct-2015 00:40:27.559 INFO [main] org.apache.catalina.core.AprLifecycleListener.initializeSSL OpenSSL successfully initialized (OpenSSL 1.0.1m 19 Mar 2015)
29-Oct-2015 00:40:28.038 INFO [main] org.apache.coyote.AbstractProtocol.init Initializing ProtocolHandler ["http-apr-9999"]
29-Oct-2015 00:40:28.061 INFO [main] org.apache.coyote.AbstractProtocol.init Initializing ProtocolHandler ["ajp-apr-8009"]
29-Oct-2015 00:40:28.066 INFO [main] org.apache.catalina.startup.Catalina.load Initialization processed in 2873 ms
29-Oct-2015 00:40:28.148 INFO [main] org.apache.catalina.core.StandardService.startInternal Starting service Catalina
29-Oct-2015 00:40:28.149 INFO [main] org.apache.catalina.core.StandardEngine.startInternal Starting Servlet Engine: Apache Tomcat/8.0.28
29-Oct-2015 00:40:28.204 INFO [localhost-startStop-1] org.apache.catalina.startup.HostConfig.deployDirectory Deploying web application directory E:\University\BreakingTheRules\BreakingTheRules\tomcat\webapps\docs
29-Oct-2015 00:40:29.195 INFO [localhost-startStop-1] org.apache.catalina.util.SessionIdGeneratorBase.createSecureRandom Creation of SecureRandom instance for session ID generation using [SHA1PRNG] took [162] milliseconds.
29-Oct-2015 00:40:29.242 INFO [localhost-startStop-1] org.apache.catalina.startup.HostConfig.deployDirectory Deployment of web application directory E:\University\BreakingTheRules\BreakingTheRules\tomcat\webapps\docs has finished in 1,037 ms
29-Oct-2015 00:40:29.243 INFO [localhost-startStop-1] org.apache.catalina.startup.HostConfig.deployDirectory Deploying web application directory E:\University\BreakingTheRules\BreakingTheRules\tomcat\webapps\examples
29-Oct-2015 00:40:30.364 INFO [localhost-startStop-1] org.apache.catalina.startup.HostConfig.deployDirectory Deployment of web application directory E:\University\BreakingTheRules\BreakingTheRules\tomcat\webapps\examples has finished in 1,121 ms
29-Oct-2015 00:40:30.365 INFO [localhost-startStop-1] org.apache.catalina.startup.HostConfig.deployDirectory Deploying web application directory E:\University\BreakingTheRules\BreakingTheRules\tomcat\webapps\host-manager
29-Oct-2015 00:40:30.521 INFO [localhost-startStop-1] org.apache.catalina.startup.HostConfig.deployDirectory Deployment of web application directory E:\University\BreakingTheRules\BreakingTheRules\tomcat\webapps\host-manager has finished in 155 ms
29-Oct-2015 00:40:30.522 INFO [localhost-startStop-1] org.apache.catalina.startup.HostConfig.deployDirectory Deploying web application directory E:\University\BreakingTheRules\BreakingTheRules\tomcat\webapps\manager
29-Oct-2015 00:40:30.662 INFO [localhost-startStop-1] org.apache.catalina.startup.HostConfig.deployDirectory Deployment of web application directory E:\University\BreakingTheRules\BreakingTheRules\tomcat\webapps\manager has finished in 140 ms
29-Oct-2015 00:40:30.664 INFO [localhost-startStop-1] org.apache.catalina.startup.HostConfig.deployDirectory Deploying web application directory E:\University\BreakingTheRules\BreakingTheRules\tomcat\webapps\ROOT
29-Oct-2015 00:40:30.736 INFO [localhost-startStop-1] org.apache.catalina.startup.HostConfig.deployDirectory Deployment of web application directory E:\University\BreakingTheRules\BreakingTheRules\tomcat\webapps\ROOT has finished in 72 ms
29-Oct-2015 00:40:30.745 INFO [main] org.apache.coyote.AbstractProtocol.start Starting ProtocolHandler ["http-apr-9999"]
29-Oct-2015 00:40:30.759 INFO [main] org.apache.coyote.AbstractProtocol.start Starting ProtocolHandler ["ajp-apr-8009"]
29-Oct-2015 00:40:30.761 INFO [main] org.apache.catalina.startup.Catalina.start Server startup in 2694 ms
29-Oct-2015 00:42:54.999 INFO [Thread-3] org.apache.coyote.AbstractProtocol.pause Pausing ProtocolHandler ["http-apr-9999"]
29-Oct-2015 00:42:55.063 INFO [Thread-3] org.apache.coyote.AbstractProtocol.pause Pausing ProtocolHandler ["ajp-apr-8009"]
29-Oct-2015 00:42:55.116 INFO [Thread-3] org.apache.catalina.core.StandardService.stopInternal Stopping service Catalina
29-Oct-2015 00:42:55.200 INFO [Thread-3] org.apache.coyote.AbstractProtocol.stop Stopping ProtocolHandler ["http-apr-9999"]
29-Oct-2015 00:42:55.257 INFO [Thread-3] org.apache.coyote.AbstractProtocol.stop Stopping ProtocolHandler ["ajp-apr-8009"]
29-Oct-2015 00:42:55.309 INFO [Thread-3] org.apache.coyote.AbstractProtocol.destroy Destroying ProtocolHandler ["http-apr-9999"]
29-Oct-2015 00:42:55.311 INFO [Thread-3] org.apache.coyote.AbstractProtocol.destroy Destroying ProtocolHandler ["ajp-apr-8009"]
29-Oct-2015 00:44:40.271 INFO [main] org.apache.catalina.startup.VersionLoggerListener.log Server version:        Apache Tomcat/8.0.28
29-Oct-2015 00:44:40.276 INFO [main] org.apache.catalina.startup.VersionLoggerListener.log Server built:          Oct 7 2015 18:25:21 UTC
29-Oct-2015 00:44:40.277 INFO [main] org.apache.catalina.startup.VersionLoggerListener.log Server number:         8.0.28.0
29-Oct-2015 00:44:40.278 INFO [main] org.apache.catalina.startup.VersionLoggerListener.log OS Name:               Windows 10
29-Oct-2015 00:44:40.279 INFO [main] org.apache.catalina.startup.VersionLoggerListener.log OS Version:            10.0
29-Oct-2015 00:44:40.279 INFO [main] org.apache.catalina.startup.VersionLoggerListener.log Architecture:          amd64
29-Oct-2015 00:44:40.280 INFO [main] org.apache.catalina.startup.VersionLoggerListener.log Java Home:             C:\Program Files\Java\jdk1.8.0_65\jre
29-Oct-2015 00:44:40.281 INFO [main] org.apache.catalina.startup.VersionLoggerListener.log JVM Version:           1.8.0_65-b17
29-Oct-2015 00:44:40.282 INFO [main] org.apache.catalina.startup.VersionLoggerListener.log JVM Vendor:            Oracle Corporation
29-Oct-2015 00:44:40.283 INFO [main] org.apache.catalina.startup.VersionLoggerListener.log CATALINA_BASE:         E:\University\BreakingTheRules\BreakingTheRules\tomcat
29-Oct-2015 00:44:40.284 INFO [main] org.apache.catalina.startup.VersionLoggerListener.log CATALINA_HOME:         E:\University\BreakingTheRules\BreakingTheRules\tomcat
29-Oct-2015 00:44:40.285 INFO [main] org.apache.catalina.startup.VersionLoggerListener.log Command line argument: -Djava.util.logging.config.file=E:\University\BreakingTheRules\BreakingTheRules\tomcat\conf\logging.properties
29-Oct-2015 00:44:40.286 INFO [main] org.apache.catalina.startup.VersionLoggerListener.log Command line argument: -Djava.util.logging.manager=org.apache.juli.ClassLoaderLogManager
29-Oct-2015 00:44:40.287 INFO [main] org.apache.catalina.startup.VersionLoggerListener.log Command line argument: -Djava.endorsed.dirs=E:\University\BreakingTheRules\BreakingTheRules\tomcat\endorsed
29-Oct-2015 00:44:40.288 INFO [main] org.apache.catalina.startup.VersionLoggerListener.log Command line argument: -Dcatalina.base=E:\University\BreakingTheRules\BreakingTheRules\tomcat
29-Oct-2015 00:44:40.289 INFO [main] org.apache.catalina.startup.VersionLoggerListener.log Command line argument: -Dcatalina.home=E:\University\BreakingTheRules\BreakingTheRules\tomcat
29-Oct-2015 00:44:40.290 INFO [main] org.apache.catalina.startup.VersionLoggerListener.log Command line argument: -Djava.io.tmpdir=E:\University\BreakingTheRules\BreakingTheRules\tomcat\temp
29-Oct-2015 00:44:40.290 INFO [main] org.apache.catalina.core.AprLifecycleListener.lifecycleEvent Loaded APR based Apache Tomcat Native library 1.1.33 using APR version 1.5.1.
29-Oct-2015 00:44:40.292 INFO [main] org.apache.catalina.core.AprLifecycleListener.lifecycleEvent APR capabilities: IPv6 [true], sendfile [true], accept filters [false], random [true].
29-Oct-2015 00:44:41.515 INFO [main] org.apache.catalina.core.AprLifecycleListener.initializeSSL OpenSSL successfully initialized (OpenSSL 1.0.1m 19 Mar 2015)
29-Oct-2015 00:44:41.855 INFO [main] org.apache.coyote.AbstractProtocol.init Initializing ProtocolHandler ["http-apr-9999"]
29-Oct-2015 00:44:41.886 INFO [main] org.apache.coyote.AbstractProtocol.init Initializing ProtocolHandler ["ajp-apr-8009"]
29-Oct-2015 00:44:41.892 INFO [main] org.apache.catalina.startup.Catalina.load Initialization processed in 2750 ms
29-Oct-2015 00:44:41.986 INFO [main] org.apache.catalina.core.StandardService.startInternal Starting service Catalina
29-Oct-2015 00:44:41.987 INFO [main] org.apache.catalina.core.StandardEngine.startInternal Starting Servlet Engine: Apache Tomcat/8.0.28
29-Oct-2015 00:44:42.015 INFO [localhost-startStop-1] org.apache.catalina.startup.HostConfig.deployDirectory Deploying web application directory E:\University\BreakingTheRules\BreakingTheRules\tomcat\webapps\docs
29-Oct-2015 00:44:42.886 INFO [localhost-startStop-1] org.apache.catalina.util.SessionIdGeneratorBase.createSecureRandom Creation of SecureRandom instance for session ID generation using [SHA1PRNG] took [166] milliseconds.
29-Oct-2015 00:44:42.933 INFO [localhost-startStop-1] org.apache.catalina.startup.HostConfig.deployDirectory Deployment of web application directory E:\University\BreakingTheRules\BreakingTheRules\tomcat\webapps\docs has finished in 917 ms
29-Oct-2015 00:44:42.933 INFO [localhost-startStop-1] org.apache.catalina.startup.HostConfig.deployDirectory Deploying web application directory E:\University\BreakingTheRules\BreakingTheRules\tomcat\webapps\examples
29-Oct-2015 00:44:43.963 INFO [localhost-startStop-1] org.apache.catalina.startup.HostConfig.deployDirectory Deployment of web application directory E:\University\BreakingTheRules\BreakingTheRules\tomcat\webapps\examples has finished in 1,029 ms
29-Oct-2015 00:44:43.964 INFO [localhost-startStop-1] org.apache.catalina.startup.HostConfig.deployDirectory Deploying web application directory E:\University\BreakingTheRules\BreakingTheRules\tomcat\webapps\host-manager
29-Oct-2015 00:44:44.055 INFO [localhost-startStop-1] org.apache.catalina.startup.HostConfig.deployDirectory Deployment of web application directory E:\University\BreakingTheRules\BreakingTheRules\tomcat\webapps\host-manager has finished in 90 ms
29-Oct-2015 00:44:44.056 INFO [localhost-startStop-1] org.apache.catalina.startup.HostConfig.deployDirectory Deploying web application directory E:\University\BreakingTheRules\BreakingTheRules\tomcat\webapps\manager
29-Oct-2015 00:44:44.190 INFO [localhost-startStop-1] org.apache.catalina.startup.HostConfig.deployDirectory Deployment of web application directory E:\University\BreakingTheRules\BreakingTheRules\tomcat\webapps\manager has finished in 133 ms
29-Oct-2015 00:44:44.191 INFO [localhost-startStop-1] org.apache.catalina.startup.HostConfig.deployDirectory Deploying web application directory E:\University\BreakingTheRules\BreakingTheRules\tomcat\webapps\ROOT
29-Oct-2015 00:44:44.252 INFO [localhost-startStop-1] org.apache.catalina.startup.HostConfig.deployDirectory Deployment of web application directory E:\University\BreakingTheRules\BreakingTheRules\tomcat\webapps\ROOT has finished in 61 ms
29-Oct-2015 00:44:44.266 INFO [main] org.apache.coyote.AbstractProtocol.start Starting ProtocolHandler ["http-apr-9999"]
29-Oct-2015 00:44:44.287 INFO [main] org.apache.coyote.AbstractProtocol.start Starting ProtocolHandler ["ajp-apr-8009"]
29-Oct-2015 00:44:44.292 INFO [main] org.apache.catalina.startup.Catalina.start Server startup in 2398 ms
