28-Oct-2015 22:25:43.762 INFO [main] org.apache.catalina.startup.VersionLoggerListener.log Server version:        Apache Tomcat/8.0.28
28-Oct-2015 22:25:43.762 INFO [main] org.apache.catalina.startup.VersionLoggerListener.log Server built:          Oct 7 2015 18:25:21 UTC
28-Oct-2015 22:25:43.772 INFO [main] org.apache.catalina.startup.VersionLoggerListener.log Server number:         8.0.28.0
28-Oct-2015 22:25:43.772 INFO [main] org.apache.catalina.startup.VersionLoggerListener.log OS Name:               Windows 7
28-Oct-2015 22:25:43.772 INFO [main] org.apache.catalina.startup.VersionLoggerListener.log OS Version:            6.1
28-Oct-2015 22:25:43.772 INFO [main] org.apache.catalina.startup.VersionLoggerListener.log Architecture:          amd64
28-Oct-2015 22:25:43.772 INFO [main] org.apache.catalina.startup.VersionLoggerListener.log Java Home:             C:\Program Files\Java\jdk1.8.0_65\jre
28-Oct-2015 22:25:43.772 INFO [main] org.apache.catalina.startup.VersionLoggerListener.log JVM Version:           1.8.0_65-b17
28-Oct-2015 22:25:43.772 INFO [main] org.apache.catalina.startup.VersionLoggerListener.log JVM Vendor:            Oracle Corporation
28-Oct-2015 22:25:43.772 INFO [main] org.apache.catalina.startup.VersionLoggerListener.log CATALINA_BASE:         C:\Users\etgar\workspace\BreakingTheRules\BreakingTheRules\tomcat
28-Oct-2015 22:25:43.772 INFO [main] org.apache.catalina.startup.VersionLoggerListener.log CATALINA_HOME:         C:\Users\etgar\workspace\BreakingTheRules\BreakingTheRules\tomcat
28-Oct-2015 22:25:43.772 INFO [main] org.apache.catalina.startup.VersionLoggerListener.log Command line argument: -Djava.util.logging.config.file=C:\Users\etgar\workspace\BreakingTheRules\BreakingTheRules\tomcat\conf\logging.properties
28-Oct-2015 22:25:43.772 INFO [main] org.apache.catalina.startup.VersionLoggerListener.log Command line argument: -Djava.util.logging.manager=org.apache.juli.ClassLoaderLogManager
28-Oct-2015 22:25:43.772 INFO [main] org.apache.catalina.startup.VersionLoggerListener.log Command line argument: -Djava.endorsed.dirs=C:\Users\etgar\workspace\BreakingTheRules\BreakingTheRules\tomcat\endorsed
28-Oct-2015 22:25:43.772 INFO [main] org.apache.catalina.startup.VersionLoggerListener.log Command line argument: -Dcatalina.base=C:\Users\etgar\workspace\BreakingTheRules\BreakingTheRules\tomcat
28-Oct-2015 22:25:43.772 INFO [main] org.apache.catalina.startup.VersionLoggerListener.log Command line argument: -Dcatalina.home=C:\Users\etgar\workspace\BreakingTheRules\BreakingTheRules\tomcat
28-Oct-2015 22:25:43.772 INFO [main] org.apache.catalina.startup.VersionLoggerListener.log Command line argument: -Djava.io.tmpdir=C:\Users\etgar\workspace\BreakingTheRules\BreakingTheRules\tomcat\temp
28-Oct-2015 22:25:43.772 INFO [main] org.apache.catalina.core.AprLifecycleListener.lifecycleEvent Loaded APR based Apache Tomcat Native library 1.1.33 using APR version 1.5.1.
28-Oct-2015 22:25:43.772 INFO [main] org.apache.catalina.core.AprLifecycleListener.lifecycleEvent APR capabilities: IPv6 [true], sendfile [true], accept filters [false], random [true].
28-Oct-2015 22:25:44.784 INFO [main] org.apache.catalina.core.AprLifecycleListener.initializeSSL OpenSSL successfully initialized (OpenSSL 1.0.1m 19 Mar 2015)
28-Oct-2015 22:25:46.574 INFO [main] org.apache.coyote.AbstractProtocol.init Initializing ProtocolHandler ["http-apr-8080"]
28-Oct-2015 22:25:46.594 INFO [main] org.apache.coyote.AbstractProtocol.init Initializing ProtocolHandler ["ajp-apr-8009"]
28-Oct-2015 22:25:46.594 INFO [main] org.apache.catalina.startup.Catalina.load Initialization processed in 4770 ms
28-Oct-2015 22:25:47.004 INFO [main] org.apache.catalina.core.StandardService.startInternal Starting service Catalina
28-Oct-2015 22:25:47.004 INFO [main] org.apache.catalina.core.StandardEngine.startInternal Starting Servlet Engine: Apache Tomcat/8.0.28
28-Oct-2015 22:25:47.044 INFO [localhost-startStop-1] org.apache.catalina.startup.HostConfig.deployDirectory Deploying web application directory C:\Users\etgar\workspace\BreakingTheRules\BreakingTheRules\tomcat\webapps\docs
28-Oct-2015 22:25:47.744 INFO [localhost-startStop-1] org.apache.catalina.util.SessionIdGeneratorBase.createSecureRandom Creation of SecureRandom instance for session ID generation using [SHA1PRNG] took [190] milliseconds.
28-Oct-2015 22:25:47.804 INFO [localhost-startStop-1] org.apache.catalina.startup.HostConfig.deployDirectory Deployment of web application directory C:\Users\etgar\workspace\BreakingTheRules\BreakingTheRules\tomcat\webapps\docs has finished in 760 ms
28-Oct-2015 22:25:47.804 INFO [localhost-startStop-1] org.apache.catalina.startup.HostConfig.deployDirectory Deploying web application directory C:\Users\etgar\workspace\BreakingTheRules\BreakingTheRules\tomcat\webapps\examples
28-Oct-2015 22:25:48.514 INFO [localhost-startStop-1] org.apache.catalina.startup.HostConfig.deployDirectory Deployment of web application directory C:\Users\etgar\workspace\BreakingTheRules\BreakingTheRules\tomcat\webapps\examples has finished in 710 ms
28-Oct-2015 22:25:48.514 INFO [localhost-startStop-1] org.apache.catalina.startup.HostConfig.deployDirectory Deploying web application directory C:\Users\etgar\workspace\BreakingTheRules\BreakingTheRules\tomcat\webapps\host-manager
28-Oct-2015 22:25:48.584 INFO [localhost-startStop-1] org.apache.catalina.startup.HostConfig.deployDirectory Deployment of web application directory C:\Users\etgar\workspace\BreakingTheRules\BreakingTheRules\tomcat\webapps\host-manager has finished in 70 ms
28-Oct-2015 22:25:48.584 INFO [localhost-startStop-1] org.apache.catalina.startup.HostConfig.deployDirectory Deploying web application directory C:\Users\etgar\workspace\BreakingTheRules\BreakingTheRules\tomcat\webapps\manager
28-Oct-2015 22:25:48.644 INFO [localhost-startStop-1] org.apache.catalina.startup.HostConfig.deployDirectory Deployment of web application directory C:\Users\etgar\workspace\BreakingTheRules\BreakingTheRules\tomcat\webapps\manager has finished in 50 ms
28-Oct-2015 22:25:48.644 INFO [localhost-startStop-1] org.apache.catalina.startup.HostConfig.deployDirectory Deploying web application directory C:\Users\etgar\workspace\BreakingTheRules\BreakingTheRules\tomcat\webapps\ROOT
28-Oct-2015 22:25:48.674 INFO [localhost-startStop-1] org.apache.catalina.startup.HostConfig.deployDirectory Deployment of web application directory C:\Users\etgar\workspace\BreakingTheRules\BreakingTheRules\tomcat\webapps\ROOT has finished in 30 ms
28-Oct-2015 22:25:48.674 INFO [main] org.apache.coyote.AbstractProtocol.start Starting ProtocolHandler ["http-apr-8080"]
28-Oct-2015 22:25:48.684 INFO [main] org.apache.coyote.AbstractProtocol.start Starting ProtocolHandler ["ajp-apr-8009"]
28-Oct-2015 22:25:48.694 INFO [main] org.apache.catalina.startup.Catalina.start Server startup in 2094 ms
28-Oct-2015 22:29:17.054 INFO [main] org.apache.catalina.startup.VersionLoggerListener.log Server version:        Apache Tomcat/8.0.28
28-Oct-2015 22:29:17.054 INFO [main] org.apache.catalina.startup.VersionLoggerListener.log Server built:          Oct 7 2015 18:25:21 UTC
28-Oct-2015 22:29:17.054 INFO [main] org.apache.catalina.startup.VersionLoggerListener.log Server number:         8.0.28.0
28-Oct-2015 22:29:17.054 INFO [main] org.apache.catalina.startup.VersionLoggerListener.log OS Name:               Windows 7
28-Oct-2015 22:29:17.054 INFO [main] org.apache.catalina.startup.VersionLoggerListener.log OS Version:            6.1
28-Oct-2015 22:29:17.054 INFO [main] org.apache.catalina.startup.VersionLoggerListener.log Architecture:          amd64
28-Oct-2015 22:29:17.054 INFO [main] org.apache.catalina.startup.VersionLoggerListener.log Java Home:             C:\Program Files\Java\jdk1.8.0_65\jre
28-Oct-2015 22:29:17.054 INFO [main] org.apache.catalina.startup.VersionLoggerListener.log JVM Version:           1.8.0_65-b17
28-Oct-2015 22:29:17.054 INFO [main] org.apache.catalina.startup.VersionLoggerListener.log JVM Vendor:            Oracle Corporation
28-Oct-2015 22:29:17.054 INFO [main] org.apache.catalina.startup.VersionLoggerListener.log CATALINA_BASE:         C:\Users\etgar\workspace\BreakingTheRules\BreakingTheRules\tomcat
28-Oct-2015 22:29:17.054 INFO [main] org.apache.catalina.startup.VersionLoggerListener.log CATALINA_HOME:         C:\Users\etgar\workspace\BreakingTheRules\BreakingTheRules\tomcat
28-Oct-2015 22:29:17.054 INFO [main] org.apache.catalina.startup.VersionLoggerListener.log Command line argument: -Djava.util.logging.config.file=C:\Users\etgar\workspace\BreakingTheRules\BreakingTheRules\tomcat\conf\logging.properties
28-Oct-2015 22:29:17.054 INFO [main] org.apache.catalina.startup.VersionLoggerListener.log Command line argument: -Djava.util.logging.manager=org.apache.juli.ClassLoaderLogManager
28-Oct-2015 22:29:17.054 INFO [main] org.apache.catalina.startup.VersionLoggerListener.log Command line argument: -Djava.endorsed.dirs=C:\Users\etgar\workspace\BreakingTheRules\BreakingTheRules\tomcat\endorsed
28-Oct-2015 22:29:17.054 INFO [main] org.apache.catalina.startup.VersionLoggerListener.log Command line argument: -Dcatalina.base=C:\Users\etgar\workspace\BreakingTheRules\BreakingTheRules\tomcat
28-Oct-2015 22:29:17.054 INFO [main] org.apache.catalina.startup.VersionLoggerListener.log Command line argument: -Dcatalina.home=C:\Users\etgar\workspace\BreakingTheRules\BreakingTheRules\tomcat
28-Oct-2015 22:29:17.054 INFO [main] org.apache.catalina.startup.VersionLoggerListener.log Command line argument: -Djava.io.tmpdir=C:\Users\etgar\workspace\BreakingTheRules\BreakingTheRules\tomcat\temp
28-Oct-2015 22:29:17.064 INFO [main] org.apache.catalina.core.AprLifecycleListener.lifecycleEvent Loaded APR based Apache Tomcat Native library 1.1.33 using APR version 1.5.1.
28-Oct-2015 22:29:17.064 INFO [main] org.apache.catalina.core.AprLifecycleListener.lifecycleEvent APR capabilities: IPv6 [true], sendfile [true], accept filters [false], random [true].
28-Oct-2015 22:29:17.844 INFO [main] org.apache.catalina.core.AprLifecycleListener.initializeSSL OpenSSL successfully initialized (OpenSSL 1.0.1m 19 Mar 2015)
28-Oct-2015 22:29:17.974 INFO [main] org.apache.coyote.AbstractProtocol.init Initializing ProtocolHandler ["http-apr-9999"]
28-Oct-2015 22:29:17.984 INFO [main] org.apache.coyote.AbstractProtocol.init Initializing ProtocolHandler ["ajp-apr-8009"]
28-Oct-2015 22:29:17.994 INFO [main] org.apache.catalina.startup.Catalina.load Initialization processed in 1348 ms
28-Oct-2015 22:29:18.024 INFO [main] org.apache.catalina.core.StandardService.startInternal Starting service Catalina
28-Oct-2015 22:29:18.024 INFO [main] org.apache.catalina.core.StandardEngine.startInternal Starting Servlet Engine: Apache Tomcat/8.0.28
28-Oct-2015 22:29:18.044 INFO [localhost-startStop-1] org.apache.catalina.startup.HostConfig.deployDirectory Deploying web application directory C:\Users\etgar\workspace\BreakingTheRules\BreakingTheRules\tomcat\webapps\docs
28-Oct-2015 22:29:18.474 INFO [localhost-startStop-1] org.apache.catalina.util.SessionIdGeneratorBase.createSecureRandom Creation of SecureRandom instance for session ID generation using [SHA1PRNG] took [140] milliseconds.
28-Oct-2015 22:29:18.494 INFO [localhost-startStop-1] org.apache.catalina.startup.HostConfig.deployDirectory Deployment of web application directory C:\Users\etgar\workspace\BreakingTheRules\BreakingTheRules\tomcat\webapps\docs has finished in 450 ms
28-Oct-2015 22:29:18.494 INFO [localhost-startStop-1] org.apache.catalina.startup.HostConfig.deployDirectory Deploying web application directory C:\Users\etgar\workspace\BreakingTheRules\BreakingTheRules\tomcat\webapps\examples
28-Oct-2015 22:29:18.874 INFO [localhost-startStop-1] org.apache.catalina.startup.HostConfig.deployDirectory Deployment of web application directory C:\Users\etgar\workspace\BreakingTheRules\BreakingTheRules\tomcat\webapps\examples has finished in 380 ms
28-Oct-2015 22:29:18.874 INFO [localhost-startStop-1] org.apache.catalina.startup.HostConfig.deployDirectory Deploying web application directory C:\Users\etgar\workspace\BreakingTheRules\BreakingTheRules\tomcat\webapps\host-manager
28-Oct-2015 22:29:18.914 INFO [localhost-startStop-1] org.apache.catalina.startup.HostConfig.deployDirectory Deployment of web application directory C:\Users\etgar\workspace\BreakingTheRules\BreakingTheRules\tomcat\webapps\host-manager has finished in 40 ms
28-Oct-2015 22:29:18.914 INFO [localhost-startStop-1] org.apache.catalina.startup.HostConfig.deployDirectory Deploying web application directory C:\Users\etgar\workspace\BreakingTheRules\BreakingTheRules\tomcat\webapps\manager
28-Oct-2015 22:29:18.964 INFO [localhost-startStop-1] org.apache.catalina.startup.HostConfig.deployDirectory Deployment of web application directory C:\Users\etgar\workspace\BreakingTheRules\BreakingTheRules\tomcat\webapps\manager has finished in 50 ms
28-Oct-2015 22:29:18.964 INFO [localhost-startStop-1] org.apache.catalina.startup.HostConfig.deployDirectory Deploying web application directory C:\Users\etgar\workspace\BreakingTheRules\BreakingTheRules\tomcat\webapps\ROOT
28-Oct-2015 22:29:18.994 INFO [localhost-startStop-1] org.apache.catalina.startup.HostConfig.deployDirectory Deployment of web application directory C:\Users\etgar\workspace\BreakingTheRules\BreakingTheRules\tomcat\webapps\ROOT has finished in 30 ms
28-Oct-2015 22:29:18.994 INFO [main] org.apache.coyote.AbstractProtocol.start Starting ProtocolHandler ["http-apr-9999"]
28-Oct-2015 22:29:19.004 INFO [main] org.apache.coyote.AbstractProtocol.start Starting ProtocolHandler ["ajp-apr-8009"]
28-Oct-2015 22:29:19.004 INFO [main] org.apache.catalina.startup.Catalina.start Server startup in 1014 ms
28-Oct-2015 22:32:41.212 INFO [Async1-Thread] async.Async1$1.run Putting AsyncThread to sleep
28-Oct-2015 22:32:43.215 INFO [Async1-Thread] async.Async1$1.run Dispatching to /jsp/async/async1.jsp
28-Oct-2015 22:33:24.226 INFO [main] org.apache.catalina.core.StandardServer.await A valid shutdown command was received via the shutdown port. Stopping the Server instance.
28-Oct-2015 22:33:24.226 INFO [main] org.apache.coyote.AbstractProtocol.pause Pausing ProtocolHandler ["http-apr-9999"]
28-Oct-2015 22:33:24.286 INFO [main] org.apache.coyote.AbstractProtocol.pause Pausing ProtocolHandler ["ajp-apr-8009"]
28-Oct-2015 22:33:24.336 INFO [main] org.apache.catalina.core.StandardService.stopInternal Stopping service Catalina
28-Oct-2015 22:33:24.466 INFO [main] org.apache.coyote.AbstractProtocol.stop Stopping ProtocolHandler ["http-apr-9999"]
28-Oct-2015 22:33:24.516 INFO [main] org.apache.coyote.AbstractProtocol.stop Stopping ProtocolHandler ["ajp-apr-8009"]
28-Oct-2015 22:33:24.566 INFO [main] org.apache.coyote.AbstractProtocol.destroy Destroying ProtocolHandler ["http-apr-9999"]
28-Oct-2015 22:33:24.566 INFO [main] org.apache.coyote.AbstractProtocol.destroy Destroying ProtocolHandler ["ajp-apr-8009"]
28-Oct-2015 22:37:43.941 INFO [main] org.apache.catalina.startup.VersionLoggerListener.log Server version:        Apache Tomcat/8.0.28
28-Oct-2015 22:37:43.941 INFO [main] org.apache.catalina.startup.VersionLoggerListener.log Server built:          Oct 7 2015 18:25:21 UTC
28-Oct-2015 22:37:43.941 INFO [main] org.apache.catalina.startup.VersionLoggerListener.log Server number:         8.0.28.0
28-Oct-2015 22:37:43.941 INFO [main] org.apache.catalina.startup.VersionLoggerListener.log OS Name:               Windows 7
28-Oct-2015 22:37:43.941 INFO [main] org.apache.catalina.startup.VersionLoggerListener.log OS Version:            6.1
28-Oct-2015 22:37:43.941 INFO [main] org.apache.catalina.startup.VersionLoggerListener.log Architecture:          amd64
28-Oct-2015 22:37:43.941 INFO [main] org.apache.catalina.startup.VersionLoggerListener.log Java Home:             C:\Program Files\Java\jdk1.8.0_65\jre
28-Oct-2015 22:37:43.941 INFO [main] org.apache.catalina.startup.VersionLoggerListener.log JVM Version:           1.8.0_65-b17
28-Oct-2015 22:37:43.941 INFO [main] org.apache.catalina.startup.VersionLoggerListener.log JVM Vendor:            Oracle Corporation
28-Oct-2015 22:37:43.941 INFO [main] org.apache.catalina.startup.VersionLoggerListener.log CATALINA_BASE:         C:\Users\etgar\workspace\BreakingTheRules\BreakingTheRules\tomcat
28-Oct-2015 22:37:43.941 INFO [main] org.apache.catalina.startup.VersionLoggerListener.log CATALINA_HOME:         C:\Users\etgar\workspace\BreakingTheRules\BreakingTheRules\tomcat
28-Oct-2015 22:37:43.941 INFO [main] org.apache.catalina.startup.VersionLoggerListener.log Command line argument: -Djava.util.logging.config.file=C:\Users\etgar\workspace\BreakingTheRules\BreakingTheRules\tomcat\conf\logging.properties
28-Oct-2015 22:37:43.941 INFO [main] org.apache.catalina.startup.VersionLoggerListener.log Command line argument: -Djava.util.logging.manager=org.apache.juli.ClassLoaderLogManager
28-Oct-2015 22:37:43.941 INFO [main] org.apache.catalina.startup.VersionLoggerListener.log Command line argument: -Djava.endorsed.dirs=C:\Users\etgar\workspace\BreakingTheRules\BreakingTheRules\tomcat\endorsed
28-Oct-2015 22:37:43.941 INFO [main] org.apache.catalina.startup.VersionLoggerListener.log Command line argument: -Dcatalina.base=C:\Users\etgar\workspace\BreakingTheRules\BreakingTheRules\tomcat
28-Oct-2015 22:37:43.941 INFO [main] org.apache.catalina.startup.VersionLoggerListener.log Command line argument: -Dcatalina.home=C:\Users\etgar\workspace\BreakingTheRules\BreakingTheRules\tomcat
28-Oct-2015 22:37:43.941 INFO [main] org.apache.catalina.startup.VersionLoggerListener.log Command line argument: -Djava.io.tmpdir=C:\Users\etgar\workspace\BreakingTheRules\BreakingTheRules\tomcat\temp
28-Oct-2015 22:37:43.941 INFO [main] org.apache.catalina.core.AprLifecycleListener.lifecycleEvent Loaded APR based Apache Tomcat Native library 1.1.33 using APR version 1.5.1.
28-Oct-2015 22:37:43.941 INFO [main] org.apache.catalina.core.AprLifecycleListener.lifecycleEvent APR capabilities: IPv6 [true], sendfile [true], accept filters [false], random [true].
28-Oct-2015 22:37:44.716 INFO [main] org.apache.catalina.core.AprLifecycleListener.initializeSSL OpenSSL successfully initialized (OpenSSL 1.0.1m 19 Mar 2015)
28-Oct-2015 22:37:44.846 INFO [main] org.apache.coyote.AbstractProtocol.init Initializing ProtocolHandler ["http-apr-9999"]
28-Oct-2015 22:37:44.856 INFO [main] org.apache.coyote.AbstractProtocol.init Initializing ProtocolHandler ["ajp-apr-8009"]
28-Oct-2015 22:37:44.856 INFO [main] org.apache.catalina.startup.Catalina.load Initialization processed in 1348 ms
28-Oct-2015 22:37:44.886 INFO [main] org.apache.catalina.core.StandardService.startInternal Starting service Catalina
28-Oct-2015 22:37:44.886 INFO [main] org.apache.catalina.core.StandardEngine.startInternal Starting Servlet Engine: Apache Tomcat/8.0.28
28-Oct-2015 22:37:44.896 INFO [localhost-startStop-1] org.apache.catalina.startup.HostConfig.deployDirectory Deploying web application directory C:\Users\etgar\workspace\BreakingTheRules\BreakingTheRules\tomcat\webapps\docs
28-Oct-2015 22:37:45.286 INFO [localhost-startStop-1] org.apache.catalina.util.SessionIdGeneratorBase.createSecureRandom Creation of SecureRandom instance for session ID generation using [SHA1PRNG] took [130] milliseconds.
28-Oct-2015 22:37:45.306 INFO [localhost-startStop-1] org.apache.catalina.startup.HostConfig.deployDirectory Deployment of web application directory C:\Users\etgar\workspace\BreakingTheRules\BreakingTheRules\tomcat\webapps\docs has finished in 410 ms
28-Oct-2015 22:37:45.306 INFO [localhost-startStop-1] org.apache.catalina.startup.HostConfig.deployDirectory Deploying web application directory C:\Users\etgar\workspace\BreakingTheRules\BreakingTheRules\tomcat\webapps\examples
28-Oct-2015 22:37:45.676 INFO [localhost-startStop-1] org.apache.catalina.startup.HostConfig.deployDirectory Deployment of web application directory C:\Users\etgar\workspace\BreakingTheRules\BreakingTheRules\tomcat\webapps\examples has finished in 370 ms
28-Oct-2015 22:37:45.676 INFO [localhost-startStop-1] org.apache.catalina.startup.HostConfig.deployDirectory Deploying web application directory C:\Users\etgar\workspace\BreakingTheRules\BreakingTheRules\tomcat\webapps\hello
28-Oct-2015 22:37:45.746 INFO [localhost-startStop-1] org.apache.catalina.startup.HostConfig.deployDirectory Deployment of web application directory C:\Users\etgar\workspace\BreakingTheRules\BreakingTheRules\tomcat\webapps\hello has finished in 70 ms
28-Oct-2015 22:37:45.746 INFO [localhost-startStop-1] org.apache.catalina.startup.HostConfig.deployDirectory Deploying web application directory C:\Users\etgar\workspace\BreakingTheRules\BreakingTheRules\tomcat\webapps\host-manager
28-Oct-2015 22:37:45.786 INFO [localhost-startStop-1] org.apache.catalina.startup.HostConfig.deployDirectory Deployment of web application directory C:\Users\etgar\workspace\BreakingTheRules\BreakingTheRules\tomcat\webapps\host-manager has finished in 40 ms
28-Oct-2015 22:37:45.786 INFO [localhost-startStop-1] org.apache.catalina.startup.HostConfig.deployDirectory Deploying web application directory C:\Users\etgar\workspace\BreakingTheRules\BreakingTheRules\tomcat\webapps\manager
28-Oct-2015 22:37:45.816 INFO [localhost-startStop-1] org.apache.catalina.startup.HostConfig.deployDirectory Deployment of web application directory C:\Users\etgar\workspace\BreakingTheRules\BreakingTheRules\tomcat\webapps\manager has finished in 30 ms
28-Oct-2015 22:37:45.816 INFO [localhost-startStop-1] org.apache.catalina.startup.HostConfig.deployDirectory Deploying web application directory C:\Users\etgar\workspace\BreakingTheRules\BreakingTheRules\tomcat\webapps\ROOT
28-Oct-2015 22:37:45.836 INFO [localhost-startStop-1] org.apache.catalina.startup.HostConfig.deployDirectory Deployment of web application directory C:\Users\etgar\workspace\BreakingTheRules\BreakingTheRules\tomcat\webapps\ROOT has finished in 20 ms
28-Oct-2015 22:37:45.846 INFO [main] org.apache.coyote.AbstractProtocol.start Starting ProtocolHandler ["http-apr-9999"]
28-Oct-2015 22:37:45.856 INFO [main] org.apache.coyote.AbstractProtocol.start Starting ProtocolHandler ["ajp-apr-8009"]
28-Oct-2015 22:37:45.856 INFO [main] org.apache.catalina.startup.Catalina.start Server startup in 1001 ms
