01-Nov-2015 12:23:25.070 INFO [main] org.apache.catalina.startup.VersionLoggerListener.log Server version:        Apache Tomcat/8.0.28
01-Nov-2015 12:23:25.070 INFO [main] org.apache.catalina.startup.VersionLoggerListener.log Server built:          Oct 7 2015 18:25:21 UTC
01-Nov-2015 12:23:25.070 INFO [main] org.apache.catalina.startup.VersionLoggerListener.log Server number:         8.0.28.0
01-Nov-2015 12:23:25.070 INFO [main] org.apache.catalina.startup.VersionLoggerListener.log OS Name:               Windows 10
01-Nov-2015 12:23:25.070 INFO [main] org.apache.catalina.startup.VersionLoggerListener.log OS Version:            10.0
01-Nov-2015 12:23:25.070 INFO [main] org.apache.catalina.startup.VersionLoggerListener.log Architecture:          amd64
01-Nov-2015 12:23:25.070 INFO [main] org.apache.catalina.startup.VersionLoggerListener.log Java Home:             C:\Program Files\Java\jdk1.8.0_65\jre
01-Nov-2015 12:23:25.070 INFO [main] org.apache.catalina.startup.VersionLoggerListener.log JVM Version:           1.8.0_65-b17
01-Nov-2015 12:23:25.070 INFO [main] org.apache.catalina.startup.VersionLoggerListener.log JVM Vendor:            Oracle Corporation
01-Nov-2015 12:23:25.070 INFO [main] org.apache.catalina.startup.VersionLoggerListener.log CATALINA_BASE:         E:\University\BreakingTheRules\BreakingTheRules\tomcat
01-Nov-2015 12:23:25.070 INFO [main] org.apache.catalina.startup.VersionLoggerListener.log CATALINA_HOME:         E:\University\BreakingTheRules\BreakingTheRules\tomcat
01-Nov-2015 12:23:25.070 INFO [main] org.apache.catalina.startup.VersionLoggerListener.log Command line argument: -Djava.util.logging.config.file=E:\University\BreakingTheRules\BreakingTheRules\tomcat\conf\logging.properties
01-Nov-2015 12:23:25.070 INFO [main] org.apache.catalina.startup.VersionLoggerListener.log Command line argument: -Djava.util.logging.manager=org.apache.juli.ClassLoaderLogManager
01-Nov-2015 12:23:25.070 INFO [main] org.apache.catalina.startup.VersionLoggerListener.log Command line argument: -Djava.endorsed.dirs=E:\University\BreakingTheRules\BreakingTheRules\tomcat\endorsed
01-Nov-2015 12:23:25.070 INFO [main] org.apache.catalina.startup.VersionLoggerListener.log Command line argument: -Dcatalina.base=E:\University\BreakingTheRules\BreakingTheRules\tomcat
01-Nov-2015 12:23:25.070 INFO [main] org.apache.catalina.startup.VersionLoggerListener.log Command line argument: -Dcatalina.home=E:\University\BreakingTheRules\BreakingTheRules\tomcat
01-Nov-2015 12:23:25.070 INFO [main] org.apache.catalina.startup.VersionLoggerListener.log Command line argument: -Djava.io.tmpdir=E:\University\BreakingTheRules\BreakingTheRules\tomcat\temp
01-Nov-2015 12:23:25.070 INFO [main] org.apache.catalina.core.AprLifecycleListener.lifecycleEvent The APR based Apache Tomcat Native library which allows optimal performance in production environments was not found on the java.library.path: C:\Program Files\Java\jdk1.8.0_65\bin;C:\WINDOWS\Sun\Java\bin;C:\WINDOWS\system32;C:\WINDOWS;C:\cygwin\usr\local\bin;C:\cygwin\bin;C:\ProgramData\Oracle\Java\javapath;C:\Program Files (x86)\Common Files\Intel\Shared Libraries\redist\intel64\compiler;C:\Program Files (x86)\Common Files\Intel\Shared Libraries\redist\ia32\compiler;C:\Python34;C:\Python34\Scripts;C:\Program Files (x86)\AMD APP\bin\x86_64;C:\Program Files (x86)\AMD APP\bin\x86;C:\Program Files\Dell\DW WLAN Card;C:\Program Files (x86)\Intel\iCLS Client;C:\Program Files\Intel\iCLS Client;C:\WINDOWS\system32;C:\WINDOWS;C:\WINDOWS\System32\Wbem;C:\MinGW\mingw32\bin;C:\Program Files\Intel\Intel(R) Management Engine Components\DAL;C:\Program Files\Intel\Intel(R) Management Engine Components\IPT;C:\Program Files (x86)\Intel\Intel(R) Management Engine Components\DAL;C:\Program Files (x86)\Intel\Intel(R) Management Engine Components\IPT;C:\Program Files\WIDCOMM\Bluetooth Software;C:\Program Files\WIDCOMM\Bluetooth Software\syswow64;C:\Program Files (x86)\ATI Technologies\ATI.ACE\Core-Static;C:\Program Files (x86)\Intel\OpenCL SDK\1.5\bin\x86;C:\Program Files (x86)\Intel\OpenCL SDK\1.5\bin\x64;C:\Program Files\nodejs;C:\Program Files (x86)\Windows Live\Shared;C:\Program Files (x86)\mongodb2.4.10\bin;C:\Users\USER\AppData\Roaming\npm;C:\Program Files (x86)\Cppcheck;C:\Program Files (x86)\Heroku\bin;C:\Program Files (x86)\git\cmd;C:\Program Files\Microsoft SQL Server\110\Tools\Binn;C:\Program Files (x86)\Microsoft SDKs\TypeScript\1.0;C:\Program Files\Microsoft SQL Server\120\Tools\Binn;C:\Program Files\MATLAB\R2014a\runtime\win64;C:\Program Files\MATLAB\R2014a\bin;C:\Program Files\MATLAB\R2014a\polyspace\bin;C:\Program Files (x86)\swipl\bin;C:\Program Files (x86)\Skype\Phone;C:\Python27\Lib\site-packages\vtk;C:\Python27\Lib\site-packages\osgeo;C:\Anaconda;C:\Anaconda\Scripts;C:\WINDOWS\System32\WindowsPowerShell\v1.0;C:\Users\Yishai\AppData\Roaming\npm;C:\cygwin\lib\lapack;C:\cygwin\home\yishai\myScripts;.
01-Nov-2015 12:23:25.242 INFO [main] org.apache.coyote.AbstractProtocol.init Initializing ProtocolHandler ["http-nio-9999"]
01-Nov-2015 12:23:25.429 INFO [main] org.apache.tomcat.util.net.NioSelectorPool.getSharedSelector Using a shared selector for servlet write/read
01-Nov-2015 12:23:25.429 INFO [main] org.apache.coyote.AbstractProtocol.init Initializing ProtocolHandler ["ajp-nio-8009"]
01-Nov-2015 12:23:25.429 INFO [main] org.apache.tomcat.util.net.NioSelectorPool.getSharedSelector Using a shared selector for servlet write/read
01-Nov-2015 12:23:25.429 INFO [main] org.apache.catalina.startup.Catalina.load Initialization processed in 888 ms
01-Nov-2015 12:23:25.460 INFO [main] org.apache.catalina.core.StandardService.startInternal Starting service Catalina
01-Nov-2015 12:23:25.460 INFO [main] org.apache.catalina.core.StandardEngine.startInternal Starting Servlet Engine: Apache Tomcat/8.0.28
01-Nov-2015 12:23:25.460 INFO [localhost-startStop-1] org.apache.catalina.startup.HostConfig.deployDirectory Deploying web application directory E:\University\BreakingTheRules\BreakingTheRules\tomcat\webapps\docs
01-Nov-2015 12:23:25.835 INFO [localhost-startStop-1] org.apache.catalina.startup.HostConfig.deployDirectory Deployment of web application directory E:\University\BreakingTheRules\BreakingTheRules\tomcat\webapps\docs has finished in 375 ms
01-Nov-2015 12:23:25.835 INFO [localhost-startStop-1] org.apache.catalina.startup.HostConfig.deployDirectory Deploying web application directory E:\University\BreakingTheRules\BreakingTheRules\tomcat\webapps\examples
01-Nov-2015 12:23:26.333 INFO [localhost-startStop-1] org.apache.catalina.startup.HostConfig.deployDirectory Deployment of web application directory E:\University\BreakingTheRules\BreakingTheRules\tomcat\webapps\examples has finished in 498 ms
01-Nov-2015 12:23:26.333 INFO [localhost-startStop-1] org.apache.catalina.startup.HostConfig.deployDirectory Deploying web application directory E:\University\BreakingTheRules\BreakingTheRules\tomcat\webapps\host-manager
01-Nov-2015 12:23:26.364 INFO [localhost-startStop-1] org.apache.catalina.startup.HostConfig.deployDirectory Deployment of web application directory E:\University\BreakingTheRules\BreakingTheRules\tomcat\webapps\host-manager has finished in 31 ms
01-Nov-2015 12:23:26.364 INFO [localhost-startStop-1] org.apache.catalina.startup.HostConfig.deployDirectory Deploying web application directory E:\University\BreakingTheRules\BreakingTheRules\tomcat\webapps\manager
01-Nov-2015 12:23:26.442 INFO [localhost-startStop-1] org.apache.catalina.startup.HostConfig.deployDirectory Deployment of web application directory E:\University\BreakingTheRules\BreakingTheRules\tomcat\webapps\manager has finished in 78 ms
01-Nov-2015 12:23:26.442 INFO [localhost-startStop-1] org.apache.catalina.startup.HostConfig.deployDirectory Deploying web application directory E:\University\BreakingTheRules\BreakingTheRules\tomcat\webapps\ROOT
01-Nov-2015 12:23:26.473 INFO [localhost-startStop-1] org.apache.catalina.startup.HostConfig.deployDirectory Deployment of web application directory E:\University\BreakingTheRules\BreakingTheRules\tomcat\webapps\ROOT has finished in 31 ms
01-Nov-2015 12:23:26.473 INFO [main] org.apache.coyote.AbstractProtocol.start Starting ProtocolHandler ["http-nio-9999"]
01-Nov-2015 12:23:26.489 INFO [main] org.apache.coyote.AbstractProtocol.start Starting ProtocolHandler ["ajp-nio-8009"]
01-Nov-2015 12:23:26.505 INFO [main] org.apache.catalina.startup.Catalina.start Server startup in 1071 ms
01-Nov-2015 12:28:07.094 INFO [localhost-startStop-2] org.apache.catalina.startup.HostConfig.deployDirectory Deploying web application directory E:\University\BreakingTheRules\BreakingTheRules\tomcat\webapps\hello
01-Nov-2015 12:28:07.297 INFO [localhost-startStop-2] org.apache.catalina.startup.HostConfig.deployDirectory Deployment of web application directory E:\University\BreakingTheRules\BreakingTheRules\tomcat\webapps\hello has finished in 203 ms
01-Nov-2015 12:29:07.056 INFO [main] org.apache.catalina.core.StandardServer.await A valid shutdown command was received via the shutdown port. Stopping the Server instance.
01-Nov-2015 12:29:07.056 INFO [main] org.apache.coyote.AbstractProtocol.pause Pausing ProtocolHandler ["http-nio-9999"]
01-Nov-2015 12:29:07.135 INFO [main] org.apache.coyote.AbstractProtocol.pause Pausing ProtocolHandler ["ajp-nio-8009"]
01-Nov-2015 12:29:07.197 INFO [main] org.apache.catalina.core.StandardService.stopInternal Stopping service Catalina
01-Nov-2015 12:29:07.291 INFO [main] org.apache.coyote.AbstractProtocol.stop Stopping ProtocolHandler ["http-nio-9999"]
01-Nov-2015 12:29:07.338 INFO [main] org.apache.coyote.AbstractProtocol.stop Stopping ProtocolHandler ["ajp-nio-8009"]
01-Nov-2015 12:29:07.447 INFO [main] org.apache.coyote.AbstractProtocol.destroy Destroying ProtocolHandler ["http-nio-9999"]
01-Nov-2015 12:29:07.447 INFO [main] org.apache.coyote.AbstractProtocol.destroy Destroying ProtocolHandler ["ajp-nio-8009"]
01-Nov-2015 12:29:14.913 INFO [main] org.apache.catalina.startup.VersionLoggerListener.log Server version:        Apache Tomcat/8.0.28
01-Nov-2015 12:29:14.913 INFO [main] org.apache.catalina.startup.VersionLoggerListener.log Server built:          Oct 7 2015 18:25:21 UTC
01-Nov-2015 12:29:14.913 INFO [main] org.apache.catalina.startup.VersionLoggerListener.log Server number:         8.0.28.0
01-Nov-2015 12:29:14.913 INFO [main] org.apache.catalina.startup.VersionLoggerListener.log OS Name:               Windows 10
01-Nov-2015 12:29:14.913 INFO [main] org.apache.catalina.startup.VersionLoggerListener.log OS Version:            10.0
01-Nov-2015 12:29:14.913 INFO [main] org.apache.catalina.startup.VersionLoggerListener.log Architecture:          amd64
01-Nov-2015 12:29:14.913 INFO [main] org.apache.catalina.startup.VersionLoggerListener.log Java Home:             C:\Program Files\Java\jdk1.8.0_65\jre
01-Nov-2015 12:29:14.913 INFO [main] org.apache.catalina.startup.VersionLoggerListener.log JVM Version:           1.8.0_65-b17
01-Nov-2015 12:29:14.913 INFO [main] org.apache.catalina.startup.VersionLoggerListener.log JVM Vendor:            Oracle Corporation
01-Nov-2015 12:29:14.913 INFO [main] org.apache.catalina.startup.VersionLoggerListener.log CATALINA_BASE:         E:\University\BreakingTheRules\BreakingTheRules\tomcat
01-Nov-2015 12:29:14.913 INFO [main] org.apache.catalina.startup.VersionLoggerListener.log CATALINA_HOME:         E:\University\BreakingTheRules\BreakingTheRules\tomcat
01-Nov-2015 12:29:14.913 INFO [main] org.apache.catalina.startup.VersionLoggerListener.log Command line argument: -Djava.util.logging.config.file=E:\University\BreakingTheRules\BreakingTheRules\tomcat\conf\logging.properties
01-Nov-2015 12:29:14.913 INFO [main] org.apache.catalina.startup.VersionLoggerListener.log Command line argument: -Djava.util.logging.manager=org.apache.juli.ClassLoaderLogManager
01-Nov-2015 12:29:14.913 INFO [main] org.apache.catalina.startup.VersionLoggerListener.log Command line argument: -Djava.endorsed.dirs=E:\University\BreakingTheRules\BreakingTheRules\tomcat\endorsed
01-Nov-2015 12:29:14.913 INFO [main] org.apache.catalina.startup.VersionLoggerListener.log Command line argument: -Dcatalina.base=E:\University\BreakingTheRules\BreakingTheRules\tomcat
01-Nov-2015 12:29:14.913 INFO [main] org.apache.catalina.startup.VersionLoggerListener.log Command line argument: -Dcatalina.home=E:\University\BreakingTheRules\BreakingTheRules\tomcat
01-Nov-2015 12:29:14.913 INFO [main] org.apache.catalina.startup.VersionLoggerListener.log Command line argument: -Djava.io.tmpdir=E:\University\BreakingTheRules\BreakingTheRules\tomcat\temp
01-Nov-2015 12:29:14.913 INFO [main] org.apache.catalina.core.AprLifecycleListener.lifecycleEvent The APR based Apache Tomcat Native library which allows optimal performance in production environments was not found on the java.library.path: C:\Program Files\Java\jdk1.8.0_65\bin;C:\WINDOWS\Sun\Java\bin;C:\WINDOWS\system32;C:\WINDOWS;C:\cygwin\usr\local\bin;C:\cygwin\bin;C:\ProgramData\Oracle\Java\javapath;C:\Program Files (x86)\Common Files\Intel\Shared Libraries\redist\intel64\compiler;C:\Program Files (x86)\Common Files\Intel\Shared Libraries\redist\ia32\compiler;C:\Python34;C:\Python34\Scripts;C:\Program Files (x86)\AMD APP\bin\x86_64;C:\Program Files (x86)\AMD APP\bin\x86;C:\Program Files\Dell\DW WLAN Card;C:\Program Files (x86)\Intel\iCLS Client;C:\Program Files\Intel\iCLS Client;C:\WINDOWS\system32;C:\WINDOWS;C:\WINDOWS\System32\Wbem;C:\MinGW\mingw32\bin;C:\Program Files\Intel\Intel(R) Management Engine Components\DAL;C:\Program Files\Intel\Intel(R) Management Engine Components\IPT;C:\Program Files (x86)\Intel\Intel(R) Management Engine Components\DAL;C:\Program Files (x86)\Intel\Intel(R) Management Engine Components\IPT;C:\Program Files\WIDCOMM\Bluetooth Software;C:\Program Files\WIDCOMM\Bluetooth Software\syswow64;C:\Program Files (x86)\ATI Technologies\ATI.ACE\Core-Static;C:\Program Files (x86)\Intel\OpenCL SDK\1.5\bin\x86;C:\Program Files (x86)\Intel\OpenCL SDK\1.5\bin\x64;C:\Program Files\nodejs;C:\Program Files (x86)\Windows Live\Shared;C:\Program Files (x86)\mongodb2.4.10\bin;C:\Users\USER\AppData\Roaming\npm;C:\Program Files (x86)\Cppcheck;C:\Program Files (x86)\Heroku\bin;C:\Program Files (x86)\git\cmd;C:\Program Files\Microsoft SQL Server\110\Tools\Binn;C:\Program Files (x86)\Microsoft SDKs\TypeScript\1.0;C:\Program Files\Microsoft SQL Server\120\Tools\Binn;C:\Program Files\MATLAB\R2014a\runtime\win64;C:\Program Files\MATLAB\R2014a\bin;C:\Program Files\MATLAB\R2014a\polyspace\bin;C:\Program Files (x86)\swipl\bin;C:\Program Files (x86)\Skype\Phone;C:\Python27\Lib\site-packages\vtk;C:\Python27\Lib\site-packages\osgeo;C:\Anaconda;C:\Anaconda\Scripts;C:\WINDOWS\System32\WindowsPowerShell\v1.0;C:\Users\Yishai\AppData\Roaming\npm;C:\cygwin\lib\lapack;C:\cygwin\home\yishai\myScripts;.
01-Nov-2015 12:29:15.069 INFO [main] org.apache.coyote.AbstractProtocol.init Initializing ProtocolHandler ["http-nio-9999"]
01-Nov-2015 12:29:15.147 INFO [main] org.apache.tomcat.util.net.NioSelectorPool.getSharedSelector Using a shared selector for servlet write/read
01-Nov-2015 12:29:15.147 INFO [main] org.apache.coyote.AbstractProtocol.init Initializing ProtocolHandler ["ajp-nio-8009"]
01-Nov-2015 12:29:15.147 INFO [main] org.apache.tomcat.util.net.NioSelectorPool.getSharedSelector Using a shared selector for servlet write/read
01-Nov-2015 12:29:15.163 INFO [main] org.apache.catalina.startup.Catalina.load Initialization processed in 698 ms
01-Nov-2015 12:29:15.179 INFO [main] org.apache.catalina.core.StandardService.startInternal Starting service Catalina
01-Nov-2015 12:29:15.179 INFO [main] org.apache.catalina.core.StandardEngine.startInternal Starting Servlet Engine: Apache Tomcat/8.0.28
01-Nov-2015 12:29:15.194 INFO [localhost-startStop-1] org.apache.catalina.startup.HostConfig.deployDirectory Deploying web application directory E:\University\BreakingTheRules\BreakingTheRules\tomcat\webapps\docs
01-Nov-2015 12:29:15.538 INFO [localhost-startStop-1] org.apache.catalina.startup.HostConfig.deployDirectory Deployment of web application directory E:\University\BreakingTheRules\BreakingTheRules\tomcat\webapps\docs has finished in 344 ms
01-Nov-2015 12:29:15.538 INFO [localhost-startStop-1] org.apache.catalina.startup.HostConfig.deployDirectory Deploying web application directory E:\University\BreakingTheRules\BreakingTheRules\tomcat\webapps\examples
01-Nov-2015 12:29:16.054 INFO [localhost-startStop-1] org.apache.catalina.startup.HostConfig.deployDirectory Deployment of web application directory E:\University\BreakingTheRules\BreakingTheRules\tomcat\webapps\examples has finished in 516 ms
01-Nov-2015 12:29:16.054 INFO [localhost-startStop-1] org.apache.catalina.startup.HostConfig.deployDirectory Deploying web application directory E:\University\BreakingTheRules\BreakingTheRules\tomcat\webapps\hello
01-Nov-2015 12:29:16.085 INFO [localhost-startStop-1] org.apache.catalina.startup.HostConfig.deployDirectory Deployment of web application directory E:\University\BreakingTheRules\BreakingTheRules\tomcat\webapps\hello has finished in 31 ms
01-Nov-2015 12:29:16.085 INFO [localhost-startStop-1] org.apache.catalina.startup.HostConfig.deployDirectory Deploying web application directory E:\University\BreakingTheRules\BreakingTheRules\tomcat\webapps\host-manager
01-Nov-2015 12:29:16.116 INFO [localhost-startStop-1] org.apache.catalina.startup.HostConfig.deployDirectory Deployment of web application directory E:\University\BreakingTheRules\BreakingTheRules\tomcat\webapps\host-manager has finished in 31 ms
01-Nov-2015 12:29:16.116 INFO [localhost-startStop-1] org.apache.catalina.startup.HostConfig.deployDirectory Deploying web application directory E:\University\BreakingTheRules\BreakingTheRules\tomcat\webapps\manager
01-Nov-2015 12:29:16.163 INFO [localhost-startStop-1] org.apache.catalina.startup.HostConfig.deployDirectory Deployment of web application directory E:\University\BreakingTheRules\BreakingTheRules\tomcat\webapps\manager has finished in 47 ms
01-Nov-2015 12:29:16.163 INFO [localhost-startStop-1] org.apache.catalina.startup.HostConfig.deployDirectory Deploying web application directory E:\University\BreakingTheRules\BreakingTheRules\tomcat\webapps\ROOT
01-Nov-2015 12:29:16.179 INFO [localhost-startStop-1] org.apache.catalina.startup.HostConfig.deployDirectory Deployment of web application directory E:\University\BreakingTheRules\BreakingTheRules\tomcat\webapps\ROOT has finished in 16 ms
01-Nov-2015 12:29:16.194 INFO [main] org.apache.coyote.AbstractProtocol.start Starting ProtocolHandler ["http-nio-9999"]
01-Nov-2015 12:29:16.194 INFO [main] org.apache.coyote.AbstractProtocol.start Starting ProtocolHandler ["ajp-nio-8009"]
01-Nov-2015 12:29:16.210 INFO [main] org.apache.catalina.startup.Catalina.start Server startup in 1048 ms
01-Nov-2015 12:34:12.473 INFO [Thread-5] org.apache.coyote.AbstractProtocol.pause Pausing ProtocolHandler ["http-nio-9999"]
01-Nov-2015 12:34:12.551 INFO [Thread-5] org.apache.coyote.AbstractProtocol.pause Pausing ProtocolHandler ["ajp-nio-8009"]
01-Nov-2015 12:34:12.614 INFO [Thread-5] org.apache.catalina.core.StandardService.stopInternal Stopping service Catalina
01-Nov-2015 12:34:12.645 INFO [Thread-5] org.apache.coyote.AbstractProtocol.stop Stopping ProtocolHandler ["http-nio-9999"]
01-Nov-2015 12:34:12.661 INFO [Thread-5] org.apache.coyote.AbstractProtocol.stop Stopping ProtocolHandler ["ajp-nio-8009"]
01-Nov-2015 12:34:12.661 INFO [Thread-5] org.apache.coyote.AbstractProtocol.destroy Destroying ProtocolHandler ["http-nio-9999"]
01-Nov-2015 12:34:12.661 INFO [Thread-5] org.apache.coyote.AbstractProtocol.destroy Destroying ProtocolHandler ["ajp-nio-8009"]
01-Nov-2015 12:37:26.542 INFO [main] org.apache.catalina.startup.VersionLoggerListener.log Server version:        Apache Tomcat/8.0.28
01-Nov-2015 12:37:26.542 INFO [main] org.apache.catalina.startup.VersionLoggerListener.log Server built:          Oct 7 2015 18:25:21 UTC
01-Nov-2015 12:37:26.542 INFO [main] org.apache.catalina.startup.VersionLoggerListener.log Server number:         8.0.28.0
01-Nov-2015 12:37:26.542 INFO [main] org.apache.catalina.startup.VersionLoggerListener.log OS Name:               Windows 10
01-Nov-2015 12:37:26.542 INFO [main] org.apache.catalina.startup.VersionLoggerListener.log OS Version:            10.0
01-Nov-2015 12:37:26.542 INFO [main] org.apache.catalina.startup.VersionLoggerListener.log Architecture:          amd64
01-Nov-2015 12:37:26.542 INFO [main] org.apache.catalina.startup.VersionLoggerListener.log Java Home:             C:\Program Files\Java\jdk1.8.0_65\jre
01-Nov-2015 12:37:26.542 INFO [main] org.apache.catalina.startup.VersionLoggerListener.log JVM Version:           1.8.0_65-b17
01-Nov-2015 12:37:26.542 INFO [main] org.apache.catalina.startup.VersionLoggerListener.log JVM Vendor:            Oracle Corporation
01-Nov-2015 12:37:26.542 INFO [main] org.apache.catalina.startup.VersionLoggerListener.log CATALINA_BASE:         E:\University\BreakingTheRules\BreakingTheRules\tomcat
01-Nov-2015 12:37:26.542 INFO [main] org.apache.catalina.startup.VersionLoggerListener.log CATALINA_HOME:         E:\University\BreakingTheRules\BreakingTheRules\tomcat
01-Nov-2015 12:37:26.542 INFO [main] org.apache.catalina.startup.VersionLoggerListener.log Command line argument: -Djava.util.logging.config.file=E:\University\BreakingTheRules\BreakingTheRules\tomcat\conf\logging.properties
01-Nov-2015 12:37:26.542 INFO [main] org.apache.catalina.startup.VersionLoggerListener.log Command line argument: -Djava.util.logging.manager=org.apache.juli.ClassLoaderLogManager
01-Nov-2015 12:37:26.542 INFO [main] org.apache.catalina.startup.VersionLoggerListener.log Command line argument: -Djava.endorsed.dirs=E:\University\BreakingTheRules\BreakingTheRules\tomcat\endorsed
01-Nov-2015 12:37:26.542 INFO [main] org.apache.catalina.startup.VersionLoggerListener.log Command line argument: -Dcatalina.base=E:\University\BreakingTheRules\BreakingTheRules\tomcat
01-Nov-2015 12:37:26.558 INFO [main] org.apache.catalina.startup.VersionLoggerListener.log Command line argument: -Dcatalina.home=E:\University\BreakingTheRules\BreakingTheRules\tomcat
01-Nov-2015 12:37:26.558 INFO [main] org.apache.catalina.startup.VersionLoggerListener.log Command line argument: -Djava.io.tmpdir=E:\University\BreakingTheRules\BreakingTheRules\tomcat\temp
01-Nov-2015 12:37:26.558 INFO [main] org.apache.catalina.core.AprLifecycleListener.lifecycleEvent Loaded APR based Apache Tomcat Native library 1.1.33 using APR version 1.5.1.
01-Nov-2015 12:37:26.558 INFO [main] org.apache.catalina.core.AprLifecycleListener.lifecycleEvent APR capabilities: IPv6 [true], sendfile [true], accept filters [false], random [true].
01-Nov-2015 12:37:27.245 INFO [main] org.apache.catalina.core.AprLifecycleListener.initializeSSL OpenSSL successfully initialized (OpenSSL 1.0.1m 19 Mar 2015)
01-Nov-2015 12:37:27.386 INFO [main] org.apache.coyote.AbstractProtocol.init Initializing ProtocolHandler ["http-apr-9999"]
01-Nov-2015 12:37:27.402 INFO [main] org.apache.coyote.AbstractProtocol.init Initializing ProtocolHandler ["ajp-apr-8009"]
01-Nov-2015 12:37:27.402 INFO [main] org.apache.catalina.startup.Catalina.load Initialization processed in 1376 ms
01-Nov-2015 12:37:27.433 INFO [main] org.apache.catalina.core.StandardService.startInternal Starting service Catalina
01-Nov-2015 12:37:27.433 INFO [main] org.apache.catalina.core.StandardEngine.startInternal Starting Servlet Engine: Apache Tomcat/8.0.28
01-Nov-2015 12:37:27.449 INFO [localhost-startStop-1] org.apache.catalina.startup.HostConfig.deployDirectory Deploying web application directory E:\University\BreakingTheRules\BreakingTheRules\tomcat\webapps\docs
01-Nov-2015 12:37:27.808 INFO [localhost-startStop-1] org.apache.catalina.startup.HostConfig.deployDirectory Deployment of web application directory E:\University\BreakingTheRules\BreakingTheRules\tomcat\webapps\docs has finished in 359 ms
01-Nov-2015 12:37:27.808 INFO [localhost-startStop-1] org.apache.catalina.startup.HostConfig.deployDirectory Deploying web application directory E:\University\BreakingTheRules\BreakingTheRules\tomcat\webapps\examples
01-Nov-2015 12:37:28.277 INFO [localhost-startStop-1] org.apache.catalina.startup.HostConfig.deployDirectory Deployment of web application directory E:\University\BreakingTheRules\BreakingTheRules\tomcat\webapps\examples has finished in 469 ms
01-Nov-2015 12:37:28.277 INFO [localhost-startStop-1] org.apache.catalina.startup.HostConfig.deployDirectory Deploying web application directory E:\University\BreakingTheRules\BreakingTheRules\tomcat\webapps\hello
01-Nov-2015 12:37:28.324 INFO [localhost-startStop-1] org.apache.catalina.startup.HostConfig.deployDirectory Deployment of web application directory E:\University\BreakingTheRules\BreakingTheRules\tomcat\webapps\hello has finished in 47 ms
01-Nov-2015 12:37:28.324 INFO [localhost-startStop-1] org.apache.catalina.startup.HostConfig.deployDirectory Deploying web application directory E:\University\BreakingTheRules\BreakingTheRules\tomcat\webapps\host-manager
01-Nov-2015 12:37:28.355 INFO [localhost-startStop-1] org.apache.catalina.startup.HostConfig.deployDirectory Deployment of web application directory E:\University\BreakingTheRules\BreakingTheRules\tomcat\webapps\host-manager has finished in 31 ms
01-Nov-2015 12:37:28.355 INFO [localhost-startStop-1] org.apache.catalina.startup.HostConfig.deployDirectory Deploying web application directory E:\University\BreakingTheRules\BreakingTheRules\tomcat\webapps\manager
01-Nov-2015 12:37:28.386 INFO [localhost-startStop-1] org.apache.catalina.startup.HostConfig.deployDirectory Deployment of web application directory E:\University\BreakingTheRules\BreakingTheRules\tomcat\webapps\manager has finished in 31 ms
01-Nov-2015 12:37:28.386 INFO [localhost-startStop-1] org.apache.catalina.startup.HostConfig.deployDirectory Deploying web application directory E:\University\BreakingTheRules\BreakingTheRules\tomcat\webapps\ROOT
01-Nov-2015 12:37:28.417 INFO [localhost-startStop-1] org.apache.catalina.startup.HostConfig.deployDirectory Deployment of web application directory E:\University\BreakingTheRules\BreakingTheRules\tomcat\webapps\ROOT has finished in 31 ms
01-Nov-2015 12:37:28.417 INFO [main] org.apache.coyote.AbstractProtocol.start Starting ProtocolHandler ["http-apr-9999"]
01-Nov-2015 12:37:28.433 INFO [main] org.apache.coyote.AbstractProtocol.start Starting ProtocolHandler ["ajp-apr-8009"]
01-Nov-2015 12:37:28.433 INFO [main] org.apache.catalina.startup.Catalina.start Server startup in 1031 ms
01-Nov-2015 12:37:38.271 INFO [main] org.apache.catalina.startup.VersionLoggerListener.log Server version:        Apache Tomcat/8.0.28
01-Nov-2015 12:37:38.271 INFO [main] org.apache.catalina.startup.VersionLoggerListener.log Server built:          Oct 7 2015 18:25:21 UTC
01-Nov-2015 12:37:38.271 INFO [main] org.apache.catalina.startup.VersionLoggerListener.log Server number:         8.0.28.0
01-Nov-2015 12:37:38.271 INFO [main] org.apache.catalina.startup.VersionLoggerListener.log OS Name:               Windows 10
01-Nov-2015 12:37:38.271 INFO [main] org.apache.catalina.startup.VersionLoggerListener.log OS Version:            10.0
01-Nov-2015 12:37:38.271 INFO [main] org.apache.catalina.startup.VersionLoggerListener.log Architecture:          amd64
01-Nov-2015 12:37:38.271 INFO [main] org.apache.catalina.startup.VersionLoggerListener.log Java Home:             C:\Program Files\Java\jdk1.8.0_65\jre
01-Nov-2015 12:37:38.271 INFO [main] org.apache.catalina.startup.VersionLoggerListener.log JVM Version:           1.8.0_65-b17
01-Nov-2015 12:37:38.271 INFO [main] org.apache.catalina.startup.VersionLoggerListener.log JVM Vendor:            Oracle Corporation
01-Nov-2015 12:37:38.271 INFO [main] org.apache.catalina.startup.VersionLoggerListener.log CATALINA_BASE:         E:\University\BreakingTheRules\BreakingTheRules\tomcat
01-Nov-2015 12:37:38.271 INFO [main] org.apache.catalina.startup.VersionLoggerListener.log CATALINA_HOME:         E:\University\BreakingTheRules\BreakingTheRules\tomcat
01-Nov-2015 12:37:38.271 INFO [main] org.apache.catalina.startup.VersionLoggerListener.log Command line argument: -Djava.util.logging.config.file=E:\University\BreakingTheRules\BreakingTheRules\tomcat\conf\logging.properties
01-Nov-2015 12:37:38.271 INFO [main] org.apache.catalina.startup.VersionLoggerListener.log Command line argument: -Djava.util.logging.manager=org.apache.juli.ClassLoaderLogManager
01-Nov-2015 12:37:38.271 INFO [main] org.apache.catalina.startup.VersionLoggerListener.log Command line argument: -Djava.endorsed.dirs=E:\University\BreakingTheRules\BreakingTheRules\tomcat\endorsed
01-Nov-2015 12:37:38.271 INFO [main] org.apache.catalina.startup.VersionLoggerListener.log Command line argument: -Dcatalina.base=E:\University\BreakingTheRules\BreakingTheRules\tomcat
01-Nov-2015 12:37:38.271 INFO [main] org.apache.catalina.startup.VersionLoggerListener.log Command line argument: -Dcatalina.home=E:\University\BreakingTheRules\BreakingTheRules\tomcat
01-Nov-2015 12:37:38.271 INFO [main] org.apache.catalina.startup.VersionLoggerListener.log Command line argument: -Djava.io.tmpdir=E:\University\BreakingTheRules\BreakingTheRules\tomcat\temp
01-Nov-2015 12:37:38.271 INFO [main] org.apache.catalina.core.AprLifecycleListener.lifecycleEvent The APR based Apache Tomcat Native library which allows optimal performance in production environments was not found on the java.library.path: C:\Program Files\Java\jdk1.8.0_65\bin;C:\WINDOWS\Sun\Java\bin;C:\WINDOWS\system32;C:\WINDOWS;C:\cygwin\usr\local\bin;C:\cygwin\bin;C:\ProgramData\Oracle\Java\javapath;C:\Program Files (x86)\Common Files\Intel\Shared Libraries\redist\intel64\compiler;C:\Program Files (x86)\Common Files\Intel\Shared Libraries\redist\ia32\compiler;C:\Python34;C:\Python34\Scripts;C:\Program Files (x86)\AMD APP\bin\x86_64;C:\Program Files (x86)\AMD APP\bin\x86;C:\Program Files\Dell\DW WLAN Card;C:\Program Files (x86)\Intel\iCLS Client;C:\Program Files\Intel\iCLS Client;C:\WINDOWS\system32;C:\WINDOWS;C:\WINDOWS\System32\Wbem;C:\MinGW\mingw32\bin;C:\Program Files\Intel\Intel(R) Management Engine Components\DAL;C:\Program Files\Intel\Intel(R) Management Engine Components\IPT;C:\Program Files (x86)\Intel\Intel(R) Management Engine Components\DAL;C:\Program Files (x86)\Intel\Intel(R) Management Engine Components\IPT;C:\Program Files\WIDCOMM\Bluetooth Software;C:\Program Files\WIDCOMM\Bluetooth Software\syswow64;C:\Program Files (x86)\ATI Technologies\ATI.ACE\Core-Static;C:\Program Files (x86)\Intel\OpenCL SDK\1.5\bin\x86;C:\Program Files (x86)\Intel\OpenCL SDK\1.5\bin\x64;C:\Program Files\nodejs;C:\Program Files (x86)\Windows Live\Shared;C:\Program Files (x86)\mongodb2.4.10\bin;C:\Users\USER\AppData\Roaming\npm;C:\Program Files (x86)\Cppcheck;C:\Program Files (x86)\Heroku\bin;C:\Program Files (x86)\git\cmd;C:\Program Files\Microsoft SQL Server\110\Tools\Binn;C:\Program Files (x86)\Microsoft SDKs\TypeScript\1.0;C:\Program Files\Microsoft SQL Server\120\Tools\Binn;C:\Program Files\MATLAB\R2014a\runtime\win64;C:\Program Files\MATLAB\R2014a\bin;C:\Program Files\MATLAB\R2014a\polyspace\bin;C:\Program Files (x86)\swipl\bin;C:\Program Files (x86)\Skype\Phone;C:\Python27\Lib\site-packages\vtk;C:\Python27\Lib\site-packages\osgeo;C:\Anaconda;C:\Anaconda\Scripts;C:\WINDOWS\System32\WindowsPowerShell\v1.0;C:\Users\Yishai\AppData\Roaming\npm;C:\cygwin\lib\lapack;C:\cygwin\home\yishai\myScripts;.
01-Nov-2015 12:37:38.443 INFO [main] org.apache.coyote.AbstractProtocol.init Initializing ProtocolHandler ["http-nio-9999"]
01-Nov-2015 12:37:38.521 INFO [main] org.apache.tomcat.util.net.NioSelectorPool.getSharedSelector Using a shared selector for servlet write/read
01-Nov-2015 12:37:38.521 INFO [main] org.apache.coyote.AbstractProtocol.init Initializing ProtocolHandler ["ajp-nio-8009"]
01-Nov-2015 12:37:38.521 INFO [main] org.apache.tomcat.util.net.NioSelectorPool.getSharedSelector Using a shared selector for servlet write/read
01-Nov-2015 12:37:38.521 INFO [main] org.apache.catalina.startup.Catalina.load Initialization processed in 698 ms
01-Nov-2015 12:37:38.552 INFO [main] org.apache.catalina.core.StandardService.startInternal Starting service Catalina
01-Nov-2015 12:37:38.552 INFO [main] org.apache.catalina.core.StandardEngine.startInternal Starting Servlet Engine: Apache Tomcat/8.0.28
01-Nov-2015 12:37:38.568 INFO [localhost-startStop-1] org.apache.catalina.startup.HostConfig.deployDirectory Deploying web application directory E:\University\BreakingTheRules\BreakingTheRules\tomcat\webapps\docs
01-Nov-2015 12:37:38.912 INFO [localhost-startStop-1] org.apache.catalina.startup.HostConfig.deployDirectory Deployment of web application directory E:\University\BreakingTheRules\BreakingTheRules\tomcat\webapps\docs has finished in 344 ms
01-Nov-2015 12:37:38.912 INFO [localhost-startStop-1] org.apache.catalina.startup.HostConfig.deployDirectory Deploying web application directory E:\University\BreakingTheRules\BreakingTheRules\tomcat\webapps\examples
01-Nov-2015 12:37:39.383 INFO [localhost-startStop-1] org.apache.catalina.startup.HostConfig.deployDirectory Deployment of web application directory E:\University\BreakingTheRules\BreakingTheRules\tomcat\webapps\examples has finished in 471 ms
01-Nov-2015 12:37:39.383 INFO [localhost-startStop-1] org.apache.catalina.startup.HostConfig.deployDirectory Deploying web application directory E:\University\BreakingTheRules\BreakingTheRules\tomcat\webapps\hello
01-Nov-2015 12:37:39.430 INFO [localhost-startStop-1] org.apache.catalina.startup.HostConfig.deployDirectory Deployment of web application directory E:\University\BreakingTheRules\BreakingTheRules\tomcat\webapps\hello has finished in 47 ms
01-Nov-2015 12:37:39.430 INFO [localhost-startStop-1] org.apache.catalina.startup.HostConfig.deployDirectory Deploying web application directory E:\University\BreakingTheRules\BreakingTheRules\tomcat\webapps\host-manager
01-Nov-2015 12:37:39.477 INFO [localhost-startStop-1] org.apache.catalina.startup.HostConfig.deployDirectory Deployment of web application directory E:\University\BreakingTheRules\BreakingTheRules\tomcat\webapps\host-manager has finished in 47 ms
01-Nov-2015 12:37:39.477 INFO [localhost-startStop-1] org.apache.catalina.startup.HostConfig.deployDirectory Deploying web application directory E:\University\BreakingTheRules\BreakingTheRules\tomcat\webapps\manager
01-Nov-2015 12:37:39.508 INFO [localhost-startStop-1] org.apache.catalina.startup.HostConfig.deployDirectory Deployment of web application directory E:\University\BreakingTheRules\BreakingTheRules\tomcat\webapps\manager has finished in 31 ms
01-Nov-2015 12:37:39.508 INFO [localhost-startStop-1] org.apache.catalina.startup.HostConfig.deployDirectory Deploying web application directory E:\University\BreakingTheRules\BreakingTheRules\tomcat\webapps\ROOT
01-Nov-2015 12:37:39.540 INFO [localhost-startStop-1] org.apache.catalina.startup.HostConfig.deployDirectory Deployment of web application directory E:\University\BreakingTheRules\BreakingTheRules\tomcat\webapps\ROOT has finished in 32 ms
01-Nov-2015 12:37:39.555 INFO [main] org.apache.coyote.AbstractProtocol.start Starting ProtocolHandler ["http-nio-9999"]
01-Nov-2015 12:37:39.555 INFO [main] org.apache.coyote.AbstractProtocol.start Starting ProtocolHandler ["ajp-nio-8009"]
01-Nov-2015 12:37:39.571 INFO [main] org.apache.catalina.startup.Catalina.start Server startup in 1040 ms
01-Nov-2015 14:52:11.672 INFO [main] org.apache.catalina.startup.VersionLoggerListener.log Server version:        Apache Tomcat/8.0.28
01-Nov-2015 14:52:11.688 INFO [main] org.apache.catalina.startup.VersionLoggerListener.log Server built:          Oct 7 2015 18:25:21 UTC
01-Nov-2015 14:52:11.688 INFO [main] org.apache.catalina.startup.VersionLoggerListener.log Server number:         8.0.28.0
01-Nov-2015 14:52:11.688 INFO [main] org.apache.catalina.startup.VersionLoggerListener.log OS Name:               Windows 10
01-Nov-2015 14:52:11.688 INFO [main] org.apache.catalina.startup.VersionLoggerListener.log OS Version:            10.0
01-Nov-2015 14:52:11.688 INFO [main] org.apache.catalina.startup.VersionLoggerListener.log Architecture:          amd64
01-Nov-2015 14:52:11.688 INFO [main] org.apache.catalina.startup.VersionLoggerListener.log Java Home:             C:\Program Files\Java\jdk1.8.0_65\jre
01-Nov-2015 14:52:11.688 INFO [main] org.apache.catalina.startup.VersionLoggerListener.log JVM Version:           1.8.0_65-b17
01-Nov-2015 14:52:11.688 INFO [main] org.apache.catalina.startup.VersionLoggerListener.log JVM Vendor:            Oracle Corporation
01-Nov-2015 14:52:11.688 INFO [main] org.apache.catalina.startup.VersionLoggerListener.log CATALINA_BASE:         E:\University\BreakingTheRules\BreakingTheRules\tomcat
01-Nov-2015 14:52:11.688 INFO [main] org.apache.catalina.startup.VersionLoggerListener.log CATALINA_HOME:         E:\University\BreakingTheRules\BreakingTheRules\tomcat
01-Nov-2015 14:52:11.688 INFO [main] org.apache.catalina.startup.VersionLoggerListener.log Command line argument: -Djava.util.logging.config.file=E:\University\BreakingTheRules\BreakingTheRules\tomcat\conf\logging.properties
01-Nov-2015 14:52:11.688 INFO [main] org.apache.catalina.startup.VersionLoggerListener.log Command line argument: -Djava.util.logging.manager=org.apache.juli.ClassLoaderLogManager
01-Nov-2015 14:52:11.688 INFO [main] org.apache.catalina.startup.VersionLoggerListener.log Command line argument: -Djava.endorsed.dirs=E:\University\BreakingTheRules\BreakingTheRules\tomcat\endorsed
01-Nov-2015 14:52:11.688 INFO [main] org.apache.catalina.startup.VersionLoggerListener.log Command line argument: -Dcatalina.base=E:\University\BreakingTheRules\BreakingTheRules\tomcat
01-Nov-2015 14:52:11.688 INFO [main] org.apache.catalina.startup.VersionLoggerListener.log Command line argument: -Dcatalina.home=E:\University\BreakingTheRules\BreakingTheRules\tomcat
01-Nov-2015 14:52:11.688 INFO [main] org.apache.catalina.startup.VersionLoggerListener.log Command line argument: -Djava.io.tmpdir=E:\University\BreakingTheRules\BreakingTheRules\tomcat\temp
01-Nov-2015 14:52:11.703 INFO [main] org.apache.catalina.core.AprLifecycleListener.lifecycleEvent The APR based Apache Tomcat Native library which allows optimal performance in production environments was not found on the java.library.path: C:\Program Files\Java\jdk1.8.0_65\bin;C:\WINDOWS\Sun\Java\bin;C:\WINDOWS\system32;C:\WINDOWS;C:\cygwin\usr\local\bin;C:\cygwin\bin;C:\ProgramData\Oracle\Java\javapath;C:\Program Files (x86)\Common Files\Intel\Shared Libraries\redist\intel64\compiler;C:\Program Files (x86)\Common Files\Intel\Shared Libraries\redist\ia32\compiler;C:\Python34;C:\Python34\Scripts;C:\Program Files (x86)\AMD APP\bin\x86_64;C:\Program Files (x86)\AMD APP\bin\x86;C:\Program Files\Dell\DW WLAN Card;C:\Program Files (x86)\Intel\iCLS Client;C:\Program Files\Intel\iCLS Client;C:\WINDOWS\system32;C:\WINDOWS;C:\WINDOWS\System32\Wbem;C:\MinGW\mingw32\bin;C:\Program Files\Intel\Intel(R) Management Engine Components\DAL;C:\Program Files\Intel\Intel(R) Management Engine Components\IPT;C:\Program Files (x86)\Intel\Intel(R) Management Engine Components\DAL;C:\Program Files (x86)\Intel\Intel(R) Management Engine Components\IPT;C:\Program Files\WIDCOMM\Bluetooth Software;C:\Program Files\WIDCOMM\Bluetooth Software\syswow64;C:\Program Files (x86)\ATI Technologies\ATI.ACE\Core-Static;C:\Program Files (x86)\Intel\OpenCL SDK\1.5\bin\x86;C:\Program Files (x86)\Intel\OpenCL SDK\1.5\bin\x64;C:\Program Files\nodejs;C:\Program Files (x86)\Windows Live\Shared;C:\Program Files (x86)\mongodb2.4.10\bin;C:\Users\USER\AppData\Roaming\npm;C:\Program Files (x86)\Cppcheck;C:\Program Files (x86)\Heroku\bin;C:\Program Files (x86)\git\cmd;C:\Program Files\Microsoft SQL Server\110\Tools\Binn;C:\Program Files (x86)\Microsoft SDKs\TypeScript\1.0;C:\Program Files\Microsoft SQL Server\120\Tools\Binn;C:\Program Files\MATLAB\R2014a\runtime\win64;C:\Program Files\MATLAB\R2014a\bin;C:\Program Files\MATLAB\R2014a\polyspace\bin;C:\Program Files (x86)\swipl\bin;C:\Program Files (x86)\Skype\Phone;C:\Python27\Lib\site-packages\vtk;C:\Python27\Lib\site-packages\osgeo;C:\Anaconda;C:\Anaconda\Scripts;C:\WINDOWS\System32\WindowsPowerShell\v1.0;C:\Users\Yishai\AppData\Roaming\npm;C:\cygwin\lib\lapack;C:\cygwin\home\yishai\myScripts;.
01-Nov-2015 14:52:11.875 INFO [main] org.apache.coyote.AbstractProtocol.init Initializing ProtocolHandler ["http-nio-9999"]
01-Nov-2015 14:52:11.969 INFO [main] org.apache.tomcat.util.net.NioSelectorPool.getSharedSelector Using a shared selector for servlet write/read
01-Nov-2015 14:52:11.969 INFO [main] org.apache.coyote.AbstractProtocol.init Initializing ProtocolHandler ["ajp-nio-8009"]
01-Nov-2015 14:52:11.969 INFO [main] org.apache.tomcat.util.net.NioSelectorPool.getSharedSelector Using a shared selector for servlet write/read
01-Nov-2015 14:52:11.969 INFO [main] org.apache.catalina.startup.Catalina.load Initialization processed in 856 ms
01-Nov-2015 14:52:12.016 INFO [main] org.apache.catalina.core.StandardService.startInternal Starting service Catalina
01-Nov-2015 14:52:12.016 INFO [main] org.apache.catalina.core.StandardEngine.startInternal Starting Servlet Engine: Apache Tomcat/8.0.28
01-Nov-2015 14:52:12.016 INFO [localhost-startStop-1] org.apache.catalina.startup.HostConfig.deployDirectory Deploying web application directory E:\University\BreakingTheRules\BreakingTheRules\tomcat\webapps\docs
01-Nov-2015 14:52:12.422 INFO [localhost-startStop-1] org.apache.catalina.startup.HostConfig.deployDirectory Deployment of web application directory E:\University\BreakingTheRules\BreakingTheRules\tomcat\webapps\docs has finished in 406 ms
01-Nov-2015 14:52:12.422 INFO [localhost-startStop-1] org.apache.catalina.startup.HostConfig.deployDirectory Deploying web application directory E:\University\BreakingTheRules\BreakingTheRules\tomcat\webapps\examples
01-Nov-2015 14:52:13.000 INFO [localhost-startStop-1] org.apache.catalina.startup.HostConfig.deployDirectory Deployment of web application directory E:\University\BreakingTheRules\BreakingTheRules\tomcat\webapps\examples has finished in 578 ms
01-Nov-2015 14:52:13.000 INFO [localhost-startStop-1] org.apache.catalina.startup.HostConfig.deployDirectory Deploying web application directory E:\University\BreakingTheRules\BreakingTheRules\tomcat\webapps\hello
01-Nov-2015 14:52:13.063 INFO [localhost-startStop-1] org.apache.catalina.startup.HostConfig.deployDirectory Deployment of web application directory E:\University\BreakingTheRules\BreakingTheRules\tomcat\webapps\hello has finished in 63 ms
01-Nov-2015 14:52:13.063 INFO [localhost-startStop-1] org.apache.catalina.startup.HostConfig.deployDirectory Deploying web application directory E:\University\BreakingTheRules\BreakingTheRules\tomcat\webapps\host-manager
01-Nov-2015 14:52:13.110 INFO [localhost-startStop-1] org.apache.catalina.startup.HostConfig.deployDirectory Deployment of web application directory E:\University\BreakingTheRules\BreakingTheRules\tomcat\webapps\host-manager has finished in 47 ms
01-Nov-2015 14:52:13.110 INFO [localhost-startStop-1] org.apache.catalina.startup.HostConfig.deployDirectory Deploying web application directory E:\University\BreakingTheRules\BreakingTheRules\tomcat\webapps\manager
01-Nov-2015 14:52:13.203 INFO [localhost-startStop-1] org.apache.catalina.startup.HostConfig.deployDirectory Deployment of web application directory E:\University\BreakingTheRules\BreakingTheRules\tomcat\webapps\manager has finished in 93 ms
01-Nov-2015 14:52:13.203 INFO [localhost-startStop-1] org.apache.catalina.startup.HostConfig.deployDirectory Deploying web application directory E:\University\BreakingTheRules\BreakingTheRules\tomcat\webapps\ROOT
01-Nov-2015 14:52:13.235 INFO [localhost-startStop-1] org.apache.catalina.startup.HostConfig.deployDirectory Deployment of web application directory E:\University\BreakingTheRules\BreakingTheRules\tomcat\webapps\ROOT has finished in 32 ms
01-Nov-2015 14:52:13.235 INFO [main] org.apache.coyote.AbstractProtocol.start Starting ProtocolHandler ["http-nio-9999"]
01-Nov-2015 14:52:13.250 INFO [main] org.apache.coyote.AbstractProtocol.start Starting ProtocolHandler ["ajp-nio-8009"]
01-Nov-2015 14:52:13.250 INFO [main] org.apache.catalina.startup.Catalina.start Server startup in 1275 ms
01-Nov-2015 15:01:03.669 INFO [Thread-5] org.apache.coyote.AbstractProtocol.pause Pausing ProtocolHandler ["http-nio-9999"]
01-Nov-2015 15:01:04.123 INFO [Thread-5] org.apache.coyote.AbstractProtocol.pause Pausing ProtocolHandler ["ajp-nio-8009"]
01-Nov-2015 15:01:04.185 INFO [Thread-5] org.apache.catalina.core.StandardService.stopInternal Stopping service Catalina
01-Nov-2015 15:01:04.279 INFO [Thread-5] org.apache.coyote.AbstractProtocol.stop Stopping ProtocolHandler ["http-nio-9999"]
01-Nov-2015 15:01:04.357 INFO [Thread-5] org.apache.coyote.AbstractProtocol.stop Stopping ProtocolHandler ["ajp-nio-8009"]
01-Nov-2015 15:01:04.357 INFO [Thread-5] org.apache.coyote.AbstractProtocol.destroy Destroying ProtocolHandler ["http-nio-9999"]
01-Nov-2015 15:01:04.357 INFO [Thread-5] org.apache.coyote.AbstractProtocol.destroy Destroying ProtocolHandler ["ajp-nio-8009"]
01-Nov-2015 15:01:14.439 INFO [main] org.apache.catalina.startup.VersionLoggerListener.log Server version:        Apache Tomcat/8.0.28
01-Nov-2015 15:01:14.439 INFO [main] org.apache.catalina.startup.VersionLoggerListener.log Server built:          Oct 7 2015 18:25:21 UTC
01-Nov-2015 15:01:14.439 INFO [main] org.apache.catalina.startup.VersionLoggerListener.log Server number:         8.0.28.0
01-Nov-2015 15:01:14.439 INFO [main] org.apache.catalina.startup.VersionLoggerListener.log OS Name:               Windows 10
01-Nov-2015 15:01:14.439 INFO [main] org.apache.catalina.startup.VersionLoggerListener.log OS Version:            10.0
01-Nov-2015 15:01:14.439 INFO [main] org.apache.catalina.startup.VersionLoggerListener.log Architecture:          amd64
01-Nov-2015 15:01:14.455 INFO [main] org.apache.catalina.startup.VersionLoggerListener.log Java Home:             C:\Program Files\Java\jdk1.8.0_65\jre
01-Nov-2015 15:01:14.455 INFO [main] org.apache.catalina.startup.VersionLoggerListener.log JVM Version:           1.8.0_65-b17
01-Nov-2015 15:01:14.455 INFO [main] org.apache.catalina.startup.VersionLoggerListener.log JVM Vendor:            Oracle Corporation
01-Nov-2015 15:01:14.455 INFO [main] org.apache.catalina.startup.VersionLoggerListener.log CATALINA_BASE:         E:\University\BreakingTheRules\BreakingTheRules\tomcat
01-Nov-2015 15:01:14.455 INFO [main] org.apache.catalina.startup.VersionLoggerListener.log CATALINA_HOME:         E:\University\BreakingTheRules\BreakingTheRules\tomcat
01-Nov-2015 15:01:14.455 INFO [main] org.apache.catalina.startup.VersionLoggerListener.log Command line argument: -Djava.util.logging.config.file=E:\University\BreakingTheRules\BreakingTheRules\tomcat\conf\logging.properties
01-Nov-2015 15:01:14.455 INFO [main] org.apache.catalina.startup.VersionLoggerListener.log Command line argument: -Djava.util.logging.manager=org.apache.juli.ClassLoaderLogManager
01-Nov-2015 15:01:14.455 INFO [main] org.apache.catalina.startup.VersionLoggerListener.log Command line argument: -Djava.endorsed.dirs=E:\University\BreakingTheRules\BreakingTheRules\tomcat\endorsed
01-Nov-2015 15:01:14.455 INFO [main] org.apache.catalina.startup.VersionLoggerListener.log Command line argument: -Dcatalina.base=E:\University\BreakingTheRules\BreakingTheRules\tomcat
01-Nov-2015 15:01:14.455 INFO [main] org.apache.catalina.startup.VersionLoggerListener.log Command line argument: -Dcatalina.home=E:\University\BreakingTheRules\BreakingTheRules\tomcat
01-Nov-2015 15:01:14.455 INFO [main] org.apache.catalina.startup.VersionLoggerListener.log Command line argument: -Djava.io.tmpdir=E:\University\BreakingTheRules\BreakingTheRules\tomcat\temp
01-Nov-2015 15:01:14.455 INFO [main] org.apache.catalina.core.AprLifecycleListener.lifecycleEvent The APR based Apache Tomcat Native library which allows optimal performance in production environments was not found on the java.library.path: C:\Program Files\Java\jdk1.8.0_65\bin;C:\WINDOWS\Sun\Java\bin;C:\WINDOWS\system32;C:\WINDOWS;C:\cygwin\usr\local\bin;C:\cygwin\bin;C:\ProgramData\Oracle\Java\javapath;C:\Program Files (x86)\Common Files\Intel\Shared Libraries\redist\intel64\compiler;C:\Program Files (x86)\Common Files\Intel\Shared Libraries\redist\ia32\compiler;C:\Python34;C:\Python34\Scripts;C:\Program Files (x86)\AMD APP\bin\x86_64;C:\Program Files (x86)\AMD APP\bin\x86;C:\Program Files\Dell\DW WLAN Card;C:\Program Files (x86)\Intel\iCLS Client;C:\Program Files\Intel\iCLS Client;C:\WINDOWS\system32;C:\WINDOWS;C:\WINDOWS\System32\Wbem;C:\MinGW\mingw32\bin;C:\Program Files\Intel\Intel(R) Management Engine Components\DAL;C:\Program Files\Intel\Intel(R) Management Engine Components\IPT;C:\Program Files (x86)\Intel\Intel(R) Management Engine Components\DAL;C:\Program Files (x86)\Intel\Intel(R) Management Engine Components\IPT;C:\Program Files\WIDCOMM\Bluetooth Software;C:\Program Files\WIDCOMM\Bluetooth Software\syswow64;C:\Program Files (x86)\ATI Technologies\ATI.ACE\Core-Static;C:\Program Files (x86)\Intel\OpenCL SDK\1.5\bin\x86;C:\Program Files (x86)\Intel\OpenCL SDK\1.5\bin\x64;C:\Program Files\nodejs;C:\Program Files (x86)\Windows Live\Shared;C:\Program Files (x86)\mongodb2.4.10\bin;C:\Users\USER\AppData\Roaming\npm;C:\Program Files (x86)\Cppcheck;C:\Program Files (x86)\Heroku\bin;C:\Program Files (x86)\git\cmd;C:\Program Files\Microsoft SQL Server\110\Tools\Binn;C:\Program Files (x86)\Microsoft SDKs\TypeScript\1.0;C:\Program Files\Microsoft SQL Server\120\Tools\Binn;C:\Program Files\MATLAB\R2014a\runtime\win64;C:\Program Files\MATLAB\R2014a\bin;C:\Program Files\MATLAB\R2014a\polyspace\bin;C:\Program Files (x86)\swipl\bin;C:\Program Files (x86)\Skype\Phone;C:\Python27\Lib\site-packages\vtk;C:\Python27\Lib\site-packages\osgeo;C:\Anaconda;C:\Anaconda\Scripts;C:\WINDOWS\System32\WindowsPowerShell\v1.0;C:\Users\Yishai\AppData\Roaming\npm;C:\cygwin\lib\lapack;C:\cygwin\home\yishai\myScripts;.
01-Nov-2015 15:01:14.674 INFO [main] org.apache.coyote.AbstractProtocol.init Initializing ProtocolHandler ["http-nio-9999"]
01-Nov-2015 15:01:14.767 INFO [main] org.apache.tomcat.util.net.NioSelectorPool.getSharedSelector Using a shared selector for servlet write/read
01-Nov-2015 15:01:14.767 INFO [main] org.apache.coyote.AbstractProtocol.init Initializing ProtocolHandler ["ajp-nio-8009"]
01-Nov-2015 15:01:14.767 INFO [main] org.apache.tomcat.util.net.NioSelectorPool.getSharedSelector Using a shared selector for servlet write/read
01-Nov-2015 15:01:14.767 INFO [main] org.apache.catalina.startup.Catalina.load Initialization processed in 867 ms
01-Nov-2015 15:01:14.799 INFO [main] org.apache.catalina.core.StandardService.startInternal Starting service Catalina
01-Nov-2015 15:01:14.799 INFO [main] org.apache.catalina.core.StandardEngine.startInternal Starting Servlet Engine: Apache Tomcat/8.0.28
01-Nov-2015 15:01:14.814 INFO [localhost-startStop-1] org.apache.catalina.startup.HostConfig.deployDirectory Deploying web application directory E:\University\BreakingTheRules\BreakingTheRules\tomcat\webapps\docs
01-Nov-2015 15:01:15.244 INFO [localhost-startStop-1] org.apache.catalina.startup.HostConfig.deployDirectory Deployment of web application directory E:\University\BreakingTheRules\BreakingTheRules\tomcat\webapps\docs has finished in 415 ms
01-Nov-2015 15:01:15.244 INFO [localhost-startStop-1] org.apache.catalina.startup.HostConfig.deployDirectory Deploying web application directory E:\University\BreakingTheRules\BreakingTheRules\tomcat\webapps\examples
01-Nov-2015 15:01:15.795 INFO [localhost-startStop-1] org.apache.catalina.startup.HostConfig.deployDirectory Deployment of web application directory E:\University\BreakingTheRules\BreakingTheRules\tomcat\webapps\examples has finished in 547 ms
01-Nov-2015 15:01:15.799 INFO [localhost-startStop-1] org.apache.catalina.startup.HostConfig.deployDirectory Deploying web application directory E:\University\BreakingTheRules\BreakingTheRules\tomcat\webapps\hello
01-Nov-2015 15:01:15.846 INFO [localhost-startStop-1] org.apache.catalina.startup.HostConfig.deployDirectory Deployment of web application directory E:\University\BreakingTheRules\BreakingTheRules\tomcat\webapps\hello has finished in 47 ms
01-Nov-2015 15:01:15.846 INFO [localhost-startStop-1] org.apache.catalina.startup.HostConfig.deployDirectory Deploying web application directory E:\University\BreakingTheRules\BreakingTheRules\tomcat\webapps\host-manager
01-Nov-2015 15:01:15.893 INFO [localhost-startStop-1] org.apache.catalina.startup.HostConfig.deployDirectory Deployment of web application directory E:\University\BreakingTheRules\BreakingTheRules\tomcat\webapps\host-manager has finished in 47 ms
01-Nov-2015 15:01:15.893 INFO [localhost-startStop-1] org.apache.catalina.startup.HostConfig.deployDirectory Deploying web application directory E:\University\BreakingTheRules\BreakingTheRules\tomcat\webapps\manager
01-Nov-2015 15:01:15.939 INFO [localhost-startStop-1] org.apache.catalina.startup.HostConfig.deployDirectory Deployment of web application directory E:\University\BreakingTheRules\BreakingTheRules\tomcat\webapps\manager has finished in 46 ms
01-Nov-2015 15:01:15.939 INFO [localhost-startStop-1] org.apache.catalina.startup.HostConfig.deployDirectory Deploying web application directory E:\University\BreakingTheRules\BreakingTheRules\tomcat\webapps\ROOT
01-Nov-2015 15:01:15.971 INFO [localhost-startStop-1] org.apache.catalina.startup.HostConfig.deployDirectory Deployment of web application directory E:\University\BreakingTheRules\BreakingTheRules\tomcat\webapps\ROOT has finished in 32 ms
01-Nov-2015 15:01:15.986 INFO [main] org.apache.coyote.AbstractProtocol.start Starting ProtocolHandler ["http-nio-9999"]
01-Nov-2015 15:01:16.002 INFO [main] org.apache.coyote.AbstractProtocol.start Starting ProtocolHandler ["ajp-nio-8009"]
01-Nov-2015 15:01:16.002 INFO [main] org.apache.catalina.startup.Catalina.start Server startup in 1241 ms
